#
# There is insufficient memory for the Java Runtime Environment to continue.
# Native memory allocation (malloc) failed to allocate 1899056 bytes for Chunk::new
# Possible reasons:
#   The system is out of physical RAM or swap space
#   The process is running with CompressedOops enabled, and the Java Heap may be blocking the growth of the native heap
# Possible solutions:
#   Reduce memory load on the system
#   Increase physical memory or swap space
#   Check if swap backing store is full
#   Decrease Java heap size (-Xmx/-Xms)
#   Decrease number of Java threads
#   Decrease Java thread stack sizes (-Xss)
#   Set larger code cache with -XX:ReservedCodeCacheSize=
#   JVM is running with Unscaled Compressed Oops mode in which the Java heap is
#     placed in the first 4GB address space. The Java Heap base address is the
#     maximum limit for the native heap growth. Please use -XX:HeapBaseMinAddress
#     to set the Java Heap base and to place the Java Heap above 4GB virtual address.
# This output file may be truncated or incomplete.
#
#  Out of Memory Error (arena.cpp:189), pid=13292, tid=9440
#
# JRE version: Java(TM) SE Runtime Environment (17.0.6+9) (build 17.0.6+9-LTS-190)
# Java VM: Java HotSpot(TM) 64-Bit Server VM (17.0.6+9-LTS-190, mixed mode, sharing, tiered, compressed oops, compressed class ptrs, g1 gc, windows-amd64)
# No core dump will be written. Minidumps are not enabled by default on client versions of Windows
#

---------------  S U M M A R Y ------------

Command Line: -Dfile.encoding=UTF-8 -XX:+ShowCodeDetailsInExceptionMessages com.example.demo.DiplomskiBackendApplication

Host: Intel(R) Core(TM) i3-6006U CPU @ 2.00GHz, 4 cores, 3G,  Windows 10 , 64 bit Build 19041 (10.0.19041.3636)
Time: Fri Dec 15 16:45:28 2023 W. Europe Standard Time elapsed time: 13.953462 seconds (0d 0h 0m 13s)

---------------  T H R E A D  ---------------

Current thread (0x000001a11328e100):  JavaThread "C2 CompilerThread0" daemon [_thread_in_native, id=9440, stack(0x000000570d200000,0x000000570d300000)]


Current CompileTask:
C2:  13954 2660   !   4       jdk.internal.loader.BuiltinClassLoader::loadClassOrNull (143 bytes)

Stack: [0x000000570d200000,0x000000570d300000]
Native frames: (J=compiled Java code, j=interpreted, Vv=VM code, C=native code)
V  [jvm.dll+0x6734ea]
V  [jvm.dll+0x7d18f4]
V  [jvm.dll+0x7d309e]
V  [jvm.dll+0x7d3703]
V  [jvm.dll+0x2433c5]
V  [jvm.dll+0xaa46b]
V  [jvm.dll+0xaaa0c]
V  [jvm.dll+0x35eb2e]
V  [jvm.dll+0x1b986a]
V  [jvm.dll+0x215f37]
V  [jvm.dll+0x215211]
V  [jvm.dll+0x1a1730]
V  [jvm.dll+0x224b6e]
V  [jvm.dll+0x222f15]
V  [jvm.dll+0x78753c]
V  [jvm.dll+0x781a7a]
V  [jvm.dll+0x672375]
C  [ucrtbase.dll+0x21bb2]
C  [KERNEL32.DLL+0x17344]
C  [ntdll.dll+0x526b1]


---------------  P R O C E S S  ---------------

Threads class SMR info:
_java_thread_list=0x000001a12fd4c3f0, length=12, elements={
0x000001a1131bbeb0, 0x000001a113278fa0, 0x000001a11327a9c0, 0x000001a113289a10,
0x000001a11328c2e0, 0x000001a11328cba0, 0x000001a11328d460, 0x000001a11328e100,
0x000001a12e419220, 0x000001a12e41def0, 0x000001a12f052e10, 0x000001a12f06a790
}

Java Threads: ( => current thread )
  0x000001a1131bbeb0 JavaThread "main" [_thread_in_Java, id=4416, stack(0x000000570c400000,0x000000570c500000)]
  0x000001a113278fa0 JavaThread "Reference Handler" daemon [_thread_blocked, id=10180, stack(0x000000570cc00000,0x000000570cd00000)]
  0x000001a11327a9c0 JavaThread "Finalizer" daemon [_thread_blocked, id=6268, stack(0x000000570cd00000,0x000000570ce00000)]
  0x000001a113289a10 JavaThread "Signal Dispatcher" daemon [_thread_blocked, id=7744, stack(0x000000570ce00000,0x000000570cf00000)]
  0x000001a11328c2e0 JavaThread "Attach Listener" daemon [_thread_blocked, id=4196, stack(0x000000570cf00000,0x000000570d000000)]
  0x000001a11328cba0 JavaThread "Service Thread" daemon [_thread_blocked, id=11532, stack(0x000000570d000000,0x000000570d100000)]
  0x000001a11328d460 JavaThread "Monitor Deflation Thread" daemon [_thread_blocked, id=12324, stack(0x000000570d100000,0x000000570d200000)]
=>0x000001a11328e100 JavaThread "C2 CompilerThread0" daemon [_thread_in_native, id=9440, stack(0x000000570d200000,0x000000570d300000)]
  0x000001a12e419220 JavaThread "C1 CompilerThread0" daemon [_thread_blocked, id=12904, stack(0x000000570d300000,0x000000570d400000)]
  0x000001a12e41def0 JavaThread "Sweeper thread" daemon [_thread_blocked, id=11980, stack(0x000000570d400000,0x000000570d500000)]
  0x000001a12f052e10 JavaThread "Notification Thread" daemon [_thread_blocked, id=9884, stack(0x000000570d500000,0x000000570d600000)]
  0x000001a12f06a790 JavaThread "Common-Cleaner" daemon [_thread_blocked, id=3804, stack(0x000000570d700000,0x000000570d800000)]

Other Threads:
  0x000001a113272430 VMThread "VM Thread" [stack: 0x000000570cb00000,0x000000570cc00000] [id=6252]
  0x000001a12f057b10 WatcherThread [stack: 0x000000570d600000,0x000000570d700000] [id=11440]
  0x000001a1131f78d0 GCTaskThread "GC Thread#0" [stack: 0x000000570c600000,0x000000570c700000] [id=12920]
  0x000001a12f9247b0 GCTaskThread "GC Thread#1" [stack: 0x000000570d800000,0x000000570d900000] [id=11680]
  0x000001a12f935a60 GCTaskThread "GC Thread#2" [stack: 0x000000570d900000,0x000000570da00000] [id=8716]
  0x000001a12f935d10 GCTaskThread "GC Thread#3" [stack: 0x000000570da00000,0x000000570db00000] [id=2536]
  0x000001a113200450 ConcurrentGCThread "G1 Main Marker" [stack: 0x000000570c700000,0x000000570c800000] [id=13788]
  0x000001a113200e60 ConcurrentGCThread "G1 Conc#0" [stack: 0x000000570c800000,0x000000570c900000] [id=1020]
  0x000001a113250820 ConcurrentGCThread "G1 Refine#0" [stack: 0x000000570c900000,0x000000570ca00000] [id=11444]
  0x000001a12f866170 ConcurrentGCThread "G1 Refine#1" [stack: 0x000000570db00000,0x000000570dc00000] [id=8604]
  0x000001a113252900 ConcurrentGCThread "G1 Service" [stack: 0x000000570ca00000,0x000000570cb00000] [id=7268]

Threads with active compile tasks:
C2 CompilerThread0    14043 2660   !   4       jdk.internal.loader.BuiltinClassLoader::loadClassOrNull (143 bytes)

VM state: not at safepoint (normal execution)

VM Mutex/Monitor currently owned by a thread: None

Heap address: 0x00000000c1e00000, size: 994 MB, Compressed Oops mode: 32-bit

CDS archive(s) mapped at: [0x0000000800000000-0x0000000800bd0000-0x0000000800bd0000), size 12386304, SharedBaseAddress: 0x0000000800000000, ArchiveRelocationMode: 0.
Compressed class space mapped at: 0x0000000800c00000-0x0000000840c00000, reserved size: 1073741824
Narrow klass base: 0x0000000800000000, Narrow klass shift: 0, Narrow klass range: 0x100000000

GC Precious Log:
 CPUs: 4 total, 4 available
 Memory: 3970M
 Large Page Support: Disabled
 NUMA Support: Disabled
 Compressed Oops: Enabled (32-bit)
 Heap Region Size: 1M
 Heap Min Capacity: 8M
 Heap Initial Capacity: 64M
 Heap Max Capacity: 994M
 Pre-touch: Disabled
 Parallel Workers: 4
 Concurrent Workers: 1
 Concurrent Refinement Workers: 4
 Periodic GC: Disabled

Heap:
 garbage-first heap   total 65536K, used 25297K [0x00000000c1e00000, 0x0000000100000000)
  region size 1024K, 18 young (18432K), 4 survivors (4096K)
 Metaspace       used 18703K, committed 18944K, reserved 1073152K
  class space    used 2293K, committed 2432K, reserved 1048576K

Heap Regions: E=young(eden), S=young(survivor), O=old, HS=humongous(starts), HC=humongous(continues), CS=collection set, F=free, OA=open archive, CA=closed archive, TAMS=top-at-mark-start (previous, next)
|   0|0x00000000c1e00000, 0x00000000c1f00000, 0x00000000c1f00000|100%|HS|  |TAMS 0x00000000c1e00000, 0x00000000c1e00000| Complete 
|   1|0x00000000c1f00000, 0x00000000c2000000, 0x00000000c2000000|100%| O|  |TAMS 0x00000000c1f00000, 0x00000000c1f00000| Untracked 
|   2|0x00000000c2000000, 0x00000000c2100000, 0x00000000c2100000|100%| O|  |TAMS 0x00000000c2000000, 0x00000000c2000000| Untracked 
|   3|0x00000000c2100000, 0x00000000c2200000, 0x00000000c2200000|100%| O|  |TAMS 0x00000000c2100000, 0x00000000c2100000| Untracked 
|   4|0x00000000c2200000, 0x00000000c2300000, 0x00000000c2300000|100%| O|  |TAMS 0x00000000c2200000, 0x00000000c2200000| Untracked 
|   5|0x00000000c2300000, 0x00000000c2400000, 0x00000000c2400000|100%| O|  |TAMS 0x00000000c2300000, 0x00000000c2300000| Untracked 
|   6|0x00000000c2400000, 0x00000000c2500000, 0x00000000c2500000|100%| O|  |TAMS 0x00000000c2400000, 0x00000000c2400000| Untracked 
|   7|0x00000000c2500000, 0x00000000c25b4400, 0x00000000c2600000| 70%| O|  |TAMS 0x00000000c2500000, 0x00000000c2500000| Untracked 
|   8|0x00000000c2600000, 0x00000000c2600000, 0x00000000c2700000|  0%| F|  |TAMS 0x00000000c2600000, 0x00000000c2600000| Untracked 
|   9|0x00000000c2700000, 0x00000000c2700000, 0x00000000c2800000|  0%| F|  |TAMS 0x00000000c2700000, 0x00000000c2700000| Untracked 
|  10|0x00000000c2800000, 0x00000000c2800000, 0x00000000c2900000|  0%| F|  |TAMS 0x00000000c2800000, 0x00000000c2800000| Untracked 
|  11|0x00000000c2900000, 0x00000000c2900000, 0x00000000c2a00000|  0%| F|  |TAMS 0x00000000c2900000, 0x00000000c2900000| Untracked 
|  12|0x00000000c2a00000, 0x00000000c2a00000, 0x00000000c2b00000|  0%| F|  |TAMS 0x00000000c2a00000, 0x00000000c2a00000| Untracked 
|  13|0x00000000c2b00000, 0x00000000c2b00000, 0x00000000c2c00000|  0%| F|  |TAMS 0x00000000c2b00000, 0x00000000c2b00000| Untracked 
|  14|0x00000000c2c00000, 0x00000000c2c00000, 0x00000000c2d00000|  0%| F|  |TAMS 0x00000000c2c00000, 0x00000000c2c00000| Untracked 
|  15|0x00000000c2d00000, 0x00000000c2d00000, 0x00000000c2e00000|  0%| F|  |TAMS 0x00000000c2d00000, 0x00000000c2d00000| Untracked 
|  16|0x00000000c2e00000, 0x00000000c2e00000, 0x00000000c2f00000|  0%| F|  |TAMS 0x00000000c2e00000, 0x00000000c2e00000| Untracked 
|  17|0x00000000c2f00000, 0x00000000c2f00000, 0x00000000c3000000|  0%| F|  |TAMS 0x00000000c2f00000, 0x00000000c2f00000| Untracked 
|  18|0x00000000c3000000, 0x00000000c3000000, 0x00000000c3100000|  0%| F|  |TAMS 0x00000000c3000000, 0x00000000c3000000| Untracked 
|  19|0x00000000c3100000, 0x00000000c3100000, 0x00000000c3200000|  0%| F|  |TAMS 0x00000000c3100000, 0x00000000c3100000| Untracked 
|  20|0x00000000c3200000, 0x00000000c3200000, 0x00000000c3300000|  0%| F|  |TAMS 0x00000000c3200000, 0x00000000c3200000| Untracked 
|  21|0x00000000c3300000, 0x00000000c3300000, 0x00000000c3400000|  0%| F|  |TAMS 0x00000000c3300000, 0x00000000c3300000| Untracked 
|  22|0x00000000c3400000, 0x00000000c3400000, 0x00000000c3500000|  0%| F|  |TAMS 0x00000000c3400000, 0x00000000c3400000| Untracked 
|  23|0x00000000c3500000, 0x00000000c3500000, 0x00000000c3600000|  0%| F|  |TAMS 0x00000000c3500000, 0x00000000c3500000| Untracked 
|  24|0x00000000c3600000, 0x00000000c3600000, 0x00000000c3700000|  0%| F|  |TAMS 0x00000000c3600000, 0x00000000c3600000| Untracked 
|  25|0x00000000c3700000, 0x00000000c3700000, 0x00000000c3800000|  0%| F|  |TAMS 0x00000000c3700000, 0x00000000c3700000| Untracked 
|  26|0x00000000c3800000, 0x00000000c3800000, 0x00000000c3900000|  0%| F|  |TAMS 0x00000000c3800000, 0x00000000c3800000| Untracked 
|  27|0x00000000c3900000, 0x00000000c3900000, 0x00000000c3a00000|  0%| F|  |TAMS 0x00000000c3900000, 0x00000000c3900000| Untracked 
|  28|0x00000000c3a00000, 0x00000000c3b00000, 0x00000000c3b00000|100%| S|CS|TAMS 0x00000000c3a00000, 0x00000000c3a00000| Complete 
|  29|0x00000000c3b00000, 0x00000000c3c00000, 0x00000000c3c00000|100%| S|CS|TAMS 0x00000000c3b00000, 0x00000000c3b00000| Complete 
|  30|0x00000000c3c00000, 0x00000000c3d00000, 0x00000000c3d00000|100%| S|CS|TAMS 0x00000000c3c00000, 0x00000000c3c00000| Complete 
|  31|0x00000000c3d00000, 0x00000000c3e00000, 0x00000000c3e00000|100%| S|CS|TAMS 0x00000000c3d00000, 0x00000000c3d00000| Complete 
|  32|0x00000000c3e00000, 0x00000000c3e00000, 0x00000000c3f00000|  0%| F|  |TAMS 0x00000000c3e00000, 0x00000000c3e00000| Untracked 
|  33|0x00000000c3f00000, 0x00000000c3f00000, 0x00000000c4000000|  0%| F|  |TAMS 0x00000000c3f00000, 0x00000000c3f00000| Untracked 
|  34|0x00000000c4000000, 0x00000000c4000000, 0x00000000c4100000|  0%| F|  |TAMS 0x00000000c4000000, 0x00000000c4000000| Untracked 
|  35|0x00000000c4100000, 0x00000000c4100000, 0x00000000c4200000|  0%| F|  |TAMS 0x00000000c4100000, 0x00000000c4100000| Untracked 
|  36|0x00000000c4200000, 0x00000000c4200000, 0x00000000c4300000|  0%| F|  |TAMS 0x00000000c4200000, 0x00000000c4200000| Untracked 
|  37|0x00000000c4300000, 0x00000000c4300000, 0x00000000c4400000|  0%| F|  |TAMS 0x00000000c4300000, 0x00000000c4300000| Untracked 
|  38|0x00000000c4400000, 0x00000000c4400000, 0x00000000c4500000|  0%| F|  |TAMS 0x00000000c4400000, 0x00000000c4400000| Untracked 
|  39|0x00000000c4500000, 0x00000000c4500000, 0x00000000c4600000|  0%| F|  |TAMS 0x00000000c4500000, 0x00000000c4500000| Untracked 
|  40|0x00000000c4600000, 0x00000000c4600000, 0x00000000c4700000|  0%| F|  |TAMS 0x00000000c4600000, 0x00000000c4600000| Untracked 
|  41|0x00000000c4700000, 0x00000000c4700000, 0x00000000c4800000|  0%| F|  |TAMS 0x00000000c4700000, 0x00000000c4700000| Untracked 
|  42|0x00000000c4800000, 0x00000000c4800000, 0x00000000c4900000|  0%| F|  |TAMS 0x00000000c4800000, 0x00000000c4800000| Untracked 
|  43|0x00000000c4900000, 0x00000000c4900000, 0x00000000c4a00000|  0%| F|  |TAMS 0x00000000c4900000, 0x00000000c4900000| Untracked 
|  44|0x00000000c4a00000, 0x00000000c4a00000, 0x00000000c4b00000|  0%| F|  |TAMS 0x00000000c4a00000, 0x00000000c4a00000| Untracked 
|  45|0x00000000c4b00000, 0x00000000c4b00000, 0x00000000c4c00000|  0%| F|  |TAMS 0x00000000c4b00000, 0x00000000c4b00000| Untracked 
|  46|0x00000000c4c00000, 0x00000000c4c00000, 0x00000000c4d00000|  0%| F|  |TAMS 0x00000000c4c00000, 0x00000000c4c00000| Untracked 
|  47|0x00000000c4d00000, 0x00000000c4d00000, 0x00000000c4e00000|  0%| F|  |TAMS 0x00000000c4d00000, 0x00000000c4d00000| Untracked 
|  48|0x00000000c4e00000, 0x00000000c4e00000, 0x00000000c4f00000|  0%| F|  |TAMS 0x00000000c4e00000, 0x00000000c4e00000| Untracked 
|  49|0x00000000c4f00000, 0x00000000c4f00000, 0x00000000c5000000|  0%| F|  |TAMS 0x00000000c4f00000, 0x00000000c4f00000| Untracked 
|  50|0x00000000c5000000, 0x00000000c507de58, 0x00000000c5100000| 49%| E|  |TAMS 0x00000000c5000000, 0x00000000c5000000| Complete 
|  51|0x00000000c5100000, 0x00000000c5200000, 0x00000000c5200000|100%| E|CS|TAMS 0x00000000c5100000, 0x00000000c5100000| Complete 
|  52|0x00000000c5200000, 0x00000000c5300000, 0x00000000c5300000|100%| E|CS|TAMS 0x00000000c5200000, 0x00000000c5200000| Complete 
|  53|0x00000000c5300000, 0x00000000c5400000, 0x00000000c5400000|100%| E|CS|TAMS 0x00000000c5300000, 0x00000000c5300000| Complete 
|  54|0x00000000c5400000, 0x00000000c5500000, 0x00000000c5500000|100%| E|CS|TAMS 0x00000000c5400000, 0x00000000c5400000| Complete 
|  55|0x00000000c5500000, 0x00000000c5600000, 0x00000000c5600000|100%| E|CS|TAMS 0x00000000c5500000, 0x00000000c5500000| Complete 
|  56|0x00000000c5600000, 0x00000000c5700000, 0x00000000c5700000|100%| E|CS|TAMS 0x00000000c5600000, 0x00000000c5600000| Complete 
|  57|0x00000000c5700000, 0x00000000c5800000, 0x00000000c5800000|100%| E|CS|TAMS 0x00000000c5700000, 0x00000000c5700000| Complete 
|  58|0x00000000c5800000, 0x00000000c5900000, 0x00000000c5900000|100%| E|CS|TAMS 0x00000000c5800000, 0x00000000c5800000| Complete 
|  59|0x00000000c5900000, 0x00000000c5a00000, 0x00000000c5a00000|100%| E|CS|TAMS 0x00000000c5900000, 0x00000000c5900000| Complete 
|  60|0x00000000c5a00000, 0x00000000c5b00000, 0x00000000c5b00000|100%| E|CS|TAMS 0x00000000c5a00000, 0x00000000c5a00000| Complete 
|  61|0x00000000c5b00000, 0x00000000c5c00000, 0x00000000c5c00000|100%| E|CS|TAMS 0x00000000c5b00000, 0x00000000c5b00000| Complete 
|  62|0x00000000c5c00000, 0x00000000c5d00000, 0x00000000c5d00000|100%| E|CS|TAMS 0x00000000c5c00000, 0x00000000c5c00000| Complete 
|  63|0x00000000c5d00000, 0x00000000c5e00000, 0x00000000c5e00000|100%| E|CS|TAMS 0x00000000c5d00000, 0x00000000c5d00000| Complete 

Card table byte_map: [0x000001a129c40000,0x000001a129e40000] _byte_map_base: 0x000001a129631000

Marking Bits (Prev, Next): (CMBitMap*) 0x000001a1131f7ee0, (CMBitMap*) 0x000001a1131f7f20
 Prev Bits: [0x000001a12a040000, 0x000001a12afc8000)
 Next Bits: [0x000001a12afd0000, 0x000001a12bf58000)

Polling page: 0x000001a1111b0000

Metaspace:

Usage:
  Non-class:     16.03 MB used.
      Class:      2.24 MB used.
       Both:     18.26 MB used.

Virtual space:
  Non-class space:       24.00 MB reserved,      16.12 MB ( 67%) committed,  3 nodes.
      Class space:        1.00 GB reserved,       2.38 MB ( <1%) committed,  1 nodes.
             Both:        1.02 GB reserved,      18.50 MB (  2%) committed. 

Chunk freelists:
   Non-Class:  3.81 MB
       Class:  1.59 MB
        Both:  5.41 MB

MaxMetaspaceSize: unlimited
CompressedClassSpaceSize: 1.00 GB
Initial GC threshold: 21.00 MB
Current GC threshold: 21.00 MB
CDS: on
MetaspaceReclaimPolicy: balanced
 - commit_granule_bytes: 65536.
 - commit_granule_words: 8192.
 - virtual_space_node_default_size: 1048576.
 - enlarge_chunks_in_place: 1.
 - new_chunks_are_fully_committed: 0.
 - uncommit_free_chunks: 1.
 - use_allocation_guard: 0.
 - handle_deallocations: 1.


Internal statistics:

num_allocs_failed_limit: 0.
num_arena_births: 212.
num_arena_deaths: 0.
num_vsnodes_births: 4.
num_vsnodes_deaths: 0.
num_space_committed: 296.
num_space_uncommitted: 0.
num_chunks_returned_to_freelist: 0.
num_chunks_taken_from_freelist: 849.
num_chunk_merges: 0.
num_chunk_splits: 582.
num_chunks_enlarged: 468.
num_purges: 0.
num_inconsistent_stats: 0.

CodeHeap 'non-profiled nmethods': size=120000Kb used=1102Kb max_used=1102Kb free=118897Kb
 bounds [0x000001a122510000, 0x000001a122780000, 0x000001a129a40000]
CodeHeap 'profiled nmethods': size=120000Kb used=5770Kb max_used=5770Kb free=114229Kb
 bounds [0x000001a11aa40000, 0x000001a11aff0000, 0x000001a121f70000]
CodeHeap 'non-nmethods': size=5760Kb used=1188Kb max_used=1242Kb free=4571Kb
 bounds [0x000001a121f70000, 0x000001a1221e0000, 0x000001a122510000]
 total_blobs=3274 nmethods=2785 adapters=400
 compilation: enabled
              stopped_count=0, restarted_count=0
 full_count=0

Compilation events (20 events):
Event: 13.875 Thread 0x000001a12e419220 2775       3       java.util.Collections$UnmodifiableList::hashCode (10 bytes)
Event: 13.875 Thread 0x000001a12e419220 nmethod 2775 0x000001a11afd7c90 code [0x000001a11afd7e40, 0x000001a11afd8008]
Event: 13.876 Thread 0x000001a12e419220 2776       3       java.util.ArrayList::hashCode (22 bytes)
Event: 13.876 Thread 0x000001a12e419220 nmethod 2776 0x000001a11afd8110 code [0x000001a11afd82e0, 0x000001a11afd85d8]
Event: 13.881 Thread 0x000001a12e419220 2778       1       org.springframework.beans.factory.annotation.AnnotatedGenericBeanDefinition::getMetadata (5 bytes)
Event: 13.882 Thread 0x000001a12e419220 nmethod 2778 0x000001a122623210 code [0x000001a1226233a0, 0x000001a122623478]
Event: 13.882 Thread 0x000001a12e419220 2779       3       sun.reflect.annotation.AnnotationParser$$Lambda$237/0x0000000800cd6930::<init> (20 bytes)
Event: 13.883 Thread 0x000001a12e419220 nmethod 2779 0x000001a11afd8710 code [0x000001a11afd88c0, 0x000001a11afd8b38]
Event: 13.885 Thread 0x000001a12e419220 2781       3       org.springframework.core.annotation.RepeatableContainers::none (4 bytes)
Event: 13.885 Thread 0x000001a12e419220 nmethod 2781 0x000001a11afd8c10 code [0x000001a11afd8da0, 0x000001a11afd8e98]
Event: 13.889 Thread 0x000001a12e419220 2782       3       org.springframework.beans.factory.support.AbstractBeanDefinition::hasConstructorArgumentValues (23 bytes)
Event: 13.890 Thread 0x000001a12e419220 nmethod 2782 0x000001a11afd8f10 code [0x000001a11afd90e0, 0x000001a11afd9538]
Event: 13.892 Thread 0x000001a12e419220 2783       3       java.util.stream.Collector::of (73 bytes)
Event: 13.894 Thread 0x000001a12e419220 nmethod 2783 0x000001a11afd9690 code [0x000001a11afd9960, 0x000001a11afda8f8]
Event: 13.894 Thread 0x000001a12e419220 2785       3       org.springframework.core.MethodParameter::getDeclaringClass (8 bytes)
Event: 13.895 Thread 0x000001a12e419220 nmethod 2785 0x000001a11afdae10 code [0x000001a11afdafc0, 0x000001a11afdb188]
Event: 13.895 Thread 0x000001a12e419220 2784       3       org.springframework.core.annotation.MergedAnnotationCollectors$$Lambda$337/0x0000000800e169a0::get (8 bytes)
Event: 13.895 Thread 0x000001a12e419220 nmethod 2784 0x000001a11afdb290 code [0x000001a11afdb460, 0x000001a11afdb998]
Event: 13.904 Thread 0x000001a12e419220 2786       3       org.springframework.util.ReflectionUtils$$Lambda$24/0x0000000800c28e68::matches (5 bytes)
Event: 13.905 Thread 0x000001a12e419220 nmethod 2786 0x000001a11afdbb90 code [0x000001a11afdbd60, 0x000001a11afdc238]

GC Heap History (8 events):
Event: 4.503 GC heap before
{Heap before GC invocations=0 (full 0):
 garbage-first heap   total 65536K, used 13312K [0x00000000c1e00000, 0x0000000100000000)
  region size 1024K, 13 young (13312K), 0 survivors (0K)
 Metaspace       used 3179K, committed 3328K, reserved 1056768K
  class space    used 319K, committed 384K, reserved 1048576K
}
Event: 4.527 GC heap after
{Heap after GC invocations=1 (full 0):
 garbage-first heap   total 65536K, used 6553K [0x00000000c1e00000, 0x0000000100000000)
  region size 1024K, 2 young (2048K), 2 survivors (2048K)
 Metaspace       used 3179K, committed 3328K, reserved 1056768K
  class space    used 319K, committed 384K, reserved 1048576K
}
Event: 5.733 GC heap before
{Heap before GC invocations=1 (full 0):
 garbage-first heap   total 65536K, used 13721K [0x00000000c1e00000, 0x0000000100000000)
  region size 1024K, 10 young (10240K), 2 survivors (2048K)
 Metaspace       used 5849K, committed 6016K, reserved 1056768K
  class space    used 682K, committed 768K, reserved 1048576K
}
Event: 5.741 GC heap after
{Heap after GC invocations=2 (full 0):
 garbage-first heap   total 65536K, used 7622K [0x00000000c1e00000, 0x0000000100000000)
  region size 1024K, 1 young (1024K), 1 survivors (1024K)
 Metaspace       used 5849K, committed 6016K, reserved 1056768K
  class space    used 682K, committed 768K, reserved 1048576K
}
Event: 7.220 GC heap before
{Heap before GC invocations=2 (full 0):
 garbage-first heap   total 65536K, used 29126K [0x00000000c1e00000, 0x0000000100000000)
  region size 1024K, 23 young (23552K), 1 survivors (1024K)
 Metaspace       used 11630K, committed 11840K, reserved 1064960K
  class space    used 1379K, committed 1472K, reserved 1048576K
}
Event: 7.227 GC heap after
{Heap after GC invocations=3 (full 0):
 garbage-first heap   total 65536K, used 9566K [0x00000000c1e00000, 0x0000000100000000)
  region size 1024K, 3 young (3072K), 3 survivors (3072K)
 Metaspace       used 11630K, committed 11840K, reserved 1064960K
  class space    used 1379K, committed 1472K, reserved 1048576K
}
Event: 11.667 GC heap before
{Heap before GC invocations=3 (full 0):
 garbage-first heap   total 65536K, used 38238K [0x00000000c1e00000, 0x0000000100000000)
  region size 1024K, 32 young (32768K), 3 survivors (3072K)
 Metaspace       used 16865K, committed 17088K, reserved 1064960K
  class space    used 2050K, committed 2176K, reserved 1048576K
}
Event: 11.680 GC heap after
{Heap after GC invocations=4 (full 0):
 garbage-first heap   total 65536K, used 11985K [0x00000000c1e00000, 0x0000000100000000)
  region size 1024K, 4 young (4096K), 4 survivors (4096K)
 Metaspace       used 16865K, committed 17088K, reserved 1064960K
  class space    used 2050K, committed 2176K, reserved 1048576K
}

Deoptimization events (20 events):
Event: 12.339 Thread 0x000001a1131bbeb0 Uncommon trap: trap_request=0xffffffde fr.pc=0x000001a12259499c relative=0x00000000000002dc
Event: 12.339 Thread 0x000001a1131bbeb0 Uncommon trap: reason=class_check action=maybe_recompile pc=0x000001a12259499c method=java.util.HashMap.getNode(Ljava/lang/Object;)Ljava/util/HashMap$Node; @ 128 c2
Event: 12.339 Thread 0x000001a1131bbeb0 DEOPT PACKING pc=0x000001a12259499c sp=0x000000570c4fd990
Event: 12.339 Thread 0x000001a1131bbeb0 DEOPT UNPACKING pc=0x000001a121fc23a3 sp=0x000000570c4fd898 mode 2
Event: 12.529 Thread 0x000001a1131bbeb0 Uncommon trap: trap_request=0xffffffde fr.pc=0x000001a122529b28 relative=0x00000000000001a8
Event: 12.529 Thread 0x000001a1131bbeb0 Uncommon trap: reason=class_check action=maybe_recompile pc=0x000001a122529b28 method=java.lang.String.equals(Ljava/lang/Object;)Z @ 8 c2
Event: 12.529 Thread 0x000001a1131bbeb0 DEOPT PACKING pc=0x000001a122529b28 sp=0x000000570c4fea90
Event: 12.529 Thread 0x000001a1131bbeb0 DEOPT UNPACKING pc=0x000001a121fc23a3 sp=0x000000570c4fea28 mode 2
Event: 12.529 Thread 0x000001a1131bbeb0 Uncommon trap: trap_request=0xffffffde fr.pc=0x000001a122529b28 relative=0x00000000000001a8
Event: 12.530 Thread 0x000001a1131bbeb0 Uncommon trap: reason=class_check action=maybe_recompile pc=0x000001a122529b28 method=java.lang.String.equals(Ljava/lang/Object;)Z @ 8 c2
Event: 12.530 Thread 0x000001a1131bbeb0 DEOPT PACKING pc=0x000001a122529b28 sp=0x000000570c4fea90
Event: 12.530 Thread 0x000001a1131bbeb0 DEOPT UNPACKING pc=0x000001a121fc23a3 sp=0x000000570c4fea28 mode 2
Event: 12.530 Thread 0x000001a1131bbeb0 Uncommon trap: trap_request=0xffffffde fr.pc=0x000001a122529b28 relative=0x00000000000001a8
Event: 12.530 Thread 0x000001a1131bbeb0 Uncommon trap: reason=class_check action=maybe_recompile pc=0x000001a122529b28 method=java.lang.String.equals(Ljava/lang/Object;)Z @ 8 c2
Event: 12.530 Thread 0x000001a1131bbeb0 DEOPT PACKING pc=0x000001a122529b28 sp=0x000000570c4fea90
Event: 12.530 Thread 0x000001a1131bbeb0 DEOPT UNPACKING pc=0x000001a121fc23a3 sp=0x000000570c4fea28 mode 2
Event: 12.531 Thread 0x000001a1131bbeb0 Uncommon trap: trap_request=0xffffffde fr.pc=0x000001a122529b28 relative=0x00000000000001a8
Event: 12.531 Thread 0x000001a1131bbeb0 Uncommon trap: reason=class_check action=maybe_recompile pc=0x000001a122529b28 method=java.lang.String.equals(Ljava/lang/Object;)Z @ 8 c2
Event: 12.531 Thread 0x000001a1131bbeb0 DEOPT PACKING pc=0x000001a122529b28 sp=0x000000570c4fe720
Event: 12.531 Thread 0x000001a1131bbeb0 DEOPT UNPACKING pc=0x000001a121fc23a3 sp=0x000000570c4fe6b8 mode 2

Classes unloaded (0 events):
No events

Classes redefined (0 events):
No events

Internal exceptions (20 events):
Event: 6.508 Thread 0x000001a1131bbeb0 Exception <a 'java/lang/NoSuchMethodError'{0x00000000c586a2d8}: 'void java.lang.invoke.DirectMethodHandle$Holder.invokeStaticInit(java.lang.Object, java.lang.Object, java.lang.Object)'> (0x00000000c586a2d8) 
thrown [s\open\src\hotspot\share\interpreter\linkResolver.cpp, line 759]
Event: 6.524 Thread 0x000001a1131bbeb0 Exception <a 'java/lang/NoSuchMethodError'{0x00000000c58a6e48}: 'java.lang.Object java.lang.invoke.DirectMethodHandle$Holder.invokeStatic(java.lang.Object, java.lang.Object, long, java.lang.Object)'> (0x00000000c58a6e48) 
thrown [s\open\src\hotspot\share\interpreter\linkResolver.cpp, line 759]
Event: 6.525 Thread 0x000001a1131bbeb0 Exception <a 'java/lang/NoSuchMethodError'{0x00000000c58aa8e0}: 'java.lang.Object java.lang.invoke.DirectMethodHandle$Holder.invokeStaticInit(java.lang.Object, java.lang.Object, long, java.lang.Object)'> (0x00000000c58aa8e0) 
thrown [s\open\src\hotspot\share\interpreter\linkResolver.cpp, line 759]
Event: 6.526 Thread 0x000001a1131bbeb0 Exception <a 'java/lang/NoSuchMethodError'{0x00000000c58b1060}: 'java.lang.Object java.lang.invoke.DirectMethodHandle$Holder.newInvokeSpecial(java.lang.Object, java.lang.Object, long)'> (0x00000000c58b1060) 
thrown [s\open\src\hotspot\share\interpreter\linkResolver.cpp, line 759]
Event: 6.527 Thread 0x000001a1131bbeb0 Exception <a 'java/lang/NoSuchMethodError'{0x00000000c58b4bd0}: 'java.lang.Object java.lang.invoke.Invokers$Holder.linkToTargetMethod(java.lang.Object, long, java.lang.Object)'> (0x00000000c58b4bd0) 
thrown [s\open\src\hotspot\share\interpreter\linkResolver.cpp, line 759]
Event: 6.585 Thread 0x000001a1131bbeb0 Exception <a 'java/lang/NoSuchMethodError'{0x00000000c58fc0f0}: 'void java.lang.invoke.DirectMethodHandle$Holder.invokeVirtual(java.lang.Object, java.lang.Object, java.lang.Object, java.lang.Object)'> (0x00000000c58fc0f0) 
thrown [s\open\src\hotspot\share\interpreter\linkResolver.cpp, line 759]
Event: 6.733 Thread 0x000001a1131bbeb0 Exception <a 'java/lang/NoSuchMethodError'{0x00000000c564efe0}: 'void java.lang.invoke.DirectMethodHandle$Holder.invokeSpecial(java.lang.Object, java.lang.Object, java.lang.Object)'> (0x00000000c564efe0) 
thrown [s\open\src\hotspot\share\interpreter\linkResolver.cpp, line 759]
Event: 6.734 Thread 0x000001a1131bbeb0 Exception <a 'java/lang/NoSuchMethodError'{0x00000000c5655528}: 'void java.lang.invoke.DirectMethodHandle$Holder.invokeSpecial(java.lang.Object, java.lang.Object, java.lang.Object, java.lang.Object, java.lang.Object)'> (0x00000000c5655528) 
thrown [s\open\src\hotspot\share\interpreter\linkResolver.cpp, line 759]
Event: 6.755 Thread 0x000001a12fcfb450 Exception <a 'java/lang/NoClassDefFoundError'{0x00000000c56f28b0}: jakarta/validation/Validation> (0x00000000c56f28b0) 
thrown [s\open\src\hotspot\share\classfile\systemDictionary.cpp, line 245]
Event: 6.771 Thread 0x000001a1131bbeb0 Exception <a 'java/lang/IncompatibleClassChangeError'{0x00000000c5682f58}: Found class java.lang.Object, but interface was expected> (0x00000000c5682f58) 
thrown [s\open\src\hotspot\share\interpreter\linkResolver.cpp, line 826]
Event: 7.069 Thread 0x000001a1131bbeb0 Exception <a 'java/lang/NoSuchMethodError'{0x00000000c4b8ba50}: 'java.lang.Object java.lang.invoke.DirectMethodHandle$Holder.invokeStatic(java.lang.Object, int, java.lang.Object)'> (0x00000000c4b8ba50) 
thrown [s\open\src\hotspot\share\interpreter\linkResolver.cpp, line 759]
Event: 7.606 Thread 0x000001a1131bbeb0 Exception <a 'java/lang/NoSuchMethodError'{0x00000000c5366fd0}: 'int java.lang.invoke.DirectMethodHandle$Holder.invokeSpecial(java.lang.Object, java.lang.Object, java.lang.Object, java.lang.Object, java.lang.Object)'> (0x00000000c5366fd0) 
thrown [s\open\src\hotspot\share\interpreter\linkResolver.cpp, line 759]
Event: 7.612 Thread 0x000001a1131bbeb0 Exception <a 'java/lang/NoSuchMethodError'{0x00000000c5370078}: 'void java.lang.invoke.DirectMethodHandle$Holder.invokeVirtual(java.lang.Object, java.lang.Object)'> (0x00000000c5370078) 
thrown [s\open\src\hotspot\share\interpreter\linkResolver.cpp, line 759]
Event: 7.658 Thread 0x000001a12fcfb450 Exception <a 'java/lang/NoSuchMethodError'{0x00000000c5213810}: 'long java.lang.invoke.DirectMethodHandle$Holder.invokeSpecial(java.lang.Object, java.lang.Object)'> (0x00000000c5213810) 
thrown [s\open\src\hotspot\share\interpreter\linkResolver.cpp, line 759]
Event: 7.676 Thread 0x000001a12fcfb450 Exception <a 'java/lang/NoSuchMethodError'{0x00000000c521ea38}: 'long java.lang.invoke.DirectMethodHandle$Holder.invokeStatic(java.lang.Object, java.lang.Object)'> (0x00000000c521ea38) 
thrown [s\open\src\hotspot\share\interpreter\linkResolver.cpp, line 759]
Event: 7.677 Thread 0x000001a12fcfb450 Exception <a 'java/lang/NoSuchMethodError'{0x00000000c5222038}: 'long java.lang.invoke.DirectMethodHandle$Holder.invokeStaticInit(java.lang.Object, java.lang.Object)'> (0x00000000c5222038) 
thrown [s\open\src\hotspot\share\interpreter\linkResolver.cpp, line 759]
Event: 7.684 Thread 0x000001a12fcfb450 Exception <a 'java/lang/NoSuchMethodError'{0x00000000c522fb60}: 'long java.lang.invoke.DirectMethodHandle$Holder.invokeInterface(java.lang.Object, java.lang.Object)'> (0x00000000c522fb60) 
thrown [s\open\src\hotspot\share\interpreter\linkResolver.cpp, line 759]
Event: 7.685 Thread 0x000001a12fcfb450 Exception <a 'java/lang/IncompatibleClassChangeError'{0x00000000c52330f0}: Found class java.lang.Object, but interface was expected> (0x00000000c52330f0) 
thrown [s\open\src\hotspot\share\interpreter\linkResolver.cpp, line 826]
Event: 7.707 Thread 0x000001a12fcfb450 Exception <a 'java/lang/NoSuchMethodError'{0x00000000c529e050}: 'java.lang.Object java.lang.invoke.DirectMethodHandle$Holder.invokeVirtual(java.lang.Object, java.lang.Object, java.lang.Object, java.lang.Object)'> (0x00000000c529e050) 
thrown [s\open\src\hotspot\share\interpreter\linkResolver.cpp, line 759]
Event: 10.310 Thread 0x000001a1131bbeb0 Exception <a 'java/lang/IncompatibleClassChangeError'{0x00000000c4900510}: Found class java.lang.Object, but interface was expected> (0x00000000c4900510) 
thrown [s\open\src\hotspot\share\interpreter\linkResolver.cpp, line 826]

VM Operations (20 events):
Event: 7.108 Executing VM operation: HandshakeAllThreads
Event: 7.108 Executing VM operation: HandshakeAllThreads done
Event: 7.220 Executing VM operation: G1CollectForAllocation
Event: 7.227 Executing VM operation: G1CollectForAllocation done
Event: 7.531 Executing VM operation: HandshakeAllThreads
Event: 7.531 Executing VM operation: HandshakeAllThreads done
Event: 7.559 Executing VM operation: HandshakeAllThreads
Event: 7.559 Executing VM operation: HandshakeAllThreads done
Event: 8.604 Executing VM operation: Cleanup
Event: 8.966 Executing VM operation: Cleanup done
Event: 9.980 Executing VM operation: Cleanup
Event: 10.251 Executing VM operation: Cleanup done
Event: 11.263 Executing VM operation: Cleanup
Event: 11.264 Executing VM operation: Cleanup done
Event: 11.667 Executing VM operation: G1CollectForAllocation
Event: 11.680 Executing VM operation: G1CollectForAllocation done
Event: 12.695 Executing VM operation: Cleanup
Event: 12.696 Executing VM operation: Cleanup done
Event: 13.705 Executing VM operation: Cleanup
Event: 13.722 Executing VM operation: Cleanup done

Events (20 events):
Event: 7.623 loading class java/util/regex/Pattern$Prolog
Event: 7.623 loading class java/util/regex/Pattern$Prolog done
Event: 7.625 loading class java/util/regex/Pattern$Pos done
Event: 7.710 Thread 0x000001a12fcfb450 Thread exited: 0x000001a12fcfb450
Event: 8.231 Thread 0x000001a12fa5a7b0 Thread added: 0x000001a12fa5a7b0
Event: 8.270 loading class javax/naming/ldap/LdapContext
Event: 8.270 loading class javax/naming/directory/DirContext
Event: 8.270 loading class javax/naming/directory/DirContext done
Event: 8.271 loading class javax/naming/ldap/LdapContext done
Event: 8.276 Thread 0x000001a12ffecde0 Thread added: 0x000001a12ffecde0
Event: 8.458 Thread 0x000001a12fa5a7b0 Thread exited: 0x000001a12fa5a7b0
Event: 9.131 Thread 0x000001a12ffecde0 Thread exited: 0x000001a12ffecde0
Event: 11.465 loading class java/beans/PropertyVetoException
Event: 11.465 loading class java/beans/PropertyVetoException done
Event: 11.537 loading class java/nio/charset/CharacterCodingException
Event: 11.537 loading class java/nio/charset/CharacterCodingException done
Event: 13.770 loading class java/lang/UnsupportedClassVersionError
Event: 13.770 loading class java/lang/ClassFormatError
Event: 13.771 loading class java/lang/ClassFormatError done
Event: 13.771 loading class java/lang/UnsupportedClassVersionError done


Dynamic libraries:
0x00007ff64a810000 - 0x00007ff64a820000 	C:\Program Files\Java\jdk-17\bin\javaw.exe
0x00007ffb25b70000 - 0x00007ffb25d68000 	C:\WINDOWS\SYSTEM32\ntdll.dll
0x00007ffb24a60000 - 0x00007ffb24b1d000 	C:\WINDOWS\System32\KERNEL32.DLL
0x00007ffb23450000 - 0x00007ffb23746000 	C:\WINDOWS\System32\KERNELBASE.dll
0x00007ffb23a30000 - 0x00007ffb23b30000 	C:\WINDOWS\System32\ucrtbase.dll
0x00007ffb1c8a0000 - 0x00007ffb1c8b8000 	C:\Program Files\Java\jdk-17\bin\jli.dll
0x00007ffb25650000 - 0x00007ffb256ff000 	C:\WINDOWS\System32\ADVAPI32.dll
0x00007ffb25400000 - 0x00007ffb2549e000 	C:\WINDOWS\System32\msvcrt.dll
0x00007ffb23f30000 - 0x00007ffb23fcc000 	C:\WINDOWS\System32\sechost.dll
0x00007ffb25700000 - 0x00007ffb25826000 	C:\WINDOWS\System32\RPCRT4.dll
0x00007ffb24090000 - 0x00007ffb2422e000 	C:\WINDOWS\System32\USER32.dll
0x00007ffb23750000 - 0x00007ffb23772000 	C:\WINDOWS\System32\win32u.dll
0x00007ffb23fd0000 - 0x00007ffb23ffc000 	C:\WINDOWS\System32\GDI32.dll
0x00007ffb23830000 - 0x00007ffb2394a000 	C:\WINDOWS\System32\gdi32full.dll
0x00007ffb233b0000 - 0x00007ffb2344d000 	C:\WINDOWS\System32\msvcp_win.dll
0x00007ffb1d810000 - 0x00007ffb1d82b000 	C:\Program Files\Java\jdk-17\bin\VCRUNTIME140.dll
0x00007ffb13600000 - 0x00007ffb1389a000 	C:\WINDOWS\WinSxS\amd64_microsoft.windows.common-controls_6595b64144ccf1df_6.0.19041.3636_none_60b6a03d71f818d5\COMCTL32.dll
0x00007ffb1b720000 - 0x00007ffb1b72a000 	C:\WINDOWS\SYSTEM32\VERSION.dll
0x00007ffb252c0000 - 0x00007ffb252f0000 	C:\WINDOWS\System32\IMM32.DLL
0x00007ffb1f110000 - 0x00007ffb1f11c000 	C:\Program Files\Java\jdk-17\bin\vcruntime140_1.dll
0x00007ffafe8a0000 - 0x00007ffafe92e000 	C:\Program Files\Java\jdk-17\bin\msvcp140.dll
0x00007ffad9580000 - 0x00007ffada157000 	C:\Program Files\Java\jdk-17\bin\server\jvm.dll
0x00007ffb25200000 - 0x00007ffb25208000 	C:\WINDOWS\System32\PSAPI.DLL
0x00007ffb0f570000 - 0x00007ffb0f579000 	C:\WINDOWS\SYSTEM32\WSOCK32.dll
0x00007ffb24fa0000 - 0x00007ffb2500b000 	C:\WINDOWS\System32\WS2_32.dll
0x00007ffb0f360000 - 0x00007ffb0f387000 	C:\WINDOWS\SYSTEM32\WINMM.dll
0x00007ffb21110000 - 0x00007ffb21122000 	C:\WINDOWS\SYSTEM32\kernel.appcore.dll
0x00007ffb1d860000 - 0x00007ffb1d86a000 	C:\Program Files\Java\jdk-17\bin\jimage.dll
0x00007ffb0ea00000 - 0x00007ffb0ebe4000 	C:\WINDOWS\SYSTEM32\DBGHELP.DLL
0x00007ffb0e9c0000 - 0x00007ffb0e9f4000 	C:\WINDOWS\SYSTEM32\dbgcore.DLL
0x00007ffb23950000 - 0x00007ffb239d2000 	C:\WINDOWS\System32\bcryptPrimitives.dll
0x00007ffb0dea0000 - 0x00007ffb0dec5000 	C:\Program Files\Java\jdk-17\bin\java.dll
0x00007ffaed530000 - 0x00007ffaed607000 	C:\Program Files\Java\jdk-17\bin\jsvml.dll
0x00007ffb24310000 - 0x00007ffb24a54000 	C:\WINDOWS\System32\SHELL32.dll
0x00007ffb21310000 - 0x00007ffb21aab000 	C:\WINDOWS\SYSTEM32\windows.storage.dll
0x00007ffb23bd0000 - 0x00007ffb23f24000 	C:\WINDOWS\System32\combase.dll
0x00007ffb22c90000 - 0x00007ffb22cbd000 	C:\WINDOWS\SYSTEM32\Wldp.dll
0x00007ffb25350000 - 0x00007ffb253fd000 	C:\WINDOWS\System32\SHCORE.dll
0x00007ffb252f0000 - 0x00007ffb25345000 	C:\WINDOWS\System32\shlwapi.dll
0x00007ffb23180000 - 0x00007ffb231a5000 	C:\WINDOWS\SYSTEM32\profapi.dll
0x00007ffb1bf30000 - 0x00007ffb1bf49000 	C:\Program Files\Java\jdk-17\bin\net.dll
0x00007ffb1a400000 - 0x00007ffb1a50a000 	C:\WINDOWS\SYSTEM32\WINHTTP.dll
0x00007ffb229f0000 - 0x00007ffb22a5a000 	C:\WINDOWS\system32\mswsock.dll
0x00007ffb192d0000 - 0x00007ffb192e6000 	C:\Program Files\Java\jdk-17\bin\nio.dll
0x00007ffb0db20000 - 0x00007ffb0db38000 	C:\Program Files\Java\jdk-17\bin\zip.dll

dbghelp: loaded successfully - version: 4.0.5 - missing functions: none
symbol engine: initialized successfully - sym options: 0x614 - pdb path: .;C:\Program Files\Java\jdk-17\bin;C:\WINDOWS\SYSTEM32;C:\WINDOWS\WinSxS\amd64_microsoft.windows.common-controls_6595b64144ccf1df_6.0.19041.3636_none_60b6a03d71f818d5;C:\Program Files\Java\jdk-17\bin\server

VM Arguments:
jvm_args: -Dfile.encoding=UTF-8 -XX:+ShowCodeDetailsInExceptionMessages 
java_command: com.example.demo.DiplomskiBackendApplication
java_class_path (initial): C:\Users\Jovana\Desktop\Diplomski\diplomski_backend\target\classes;C:\Users\Jovana\.m2\repository\org\springframework\boot\spring-boot-starter-web\3.1.2\spring-boot-starter-web-3.1.2.jar;C:\Users\Jovana\.m2\repository\org\springframework\boot\spring-boot-starter\3.1.2\spring-boot-starter-3.1.2.jar;C:\Users\Jovana\.m2\repository\org\springframework\boot\spring-boot\3.1.2\spring-boot-3.1.2.jar;C:\Users\Jovana\.m2\repository\org\springframework\boot\spring-boot-autoconfigure\3.1.2\spring-boot-autoconfigure-3.1.2.jar;C:\Users\Jovana\.m2\repository\org\springframework\boot\spring-boot-starter-logging\3.1.2\spring-boot-starter-logging-3.1.2.jar;C:\Users\Jovana\.m2\repository\ch\qos\logback\logback-classic\1.4.8\logback-classic-1.4.8.jar;C:\Users\Jovana\.m2\repository\ch\qos\logback\logback-core\1.4.8\logback-core-1.4.8.jar;C:\Users\Jovana\.m2\repository\org\apache\logging\log4j\log4j-to-slf4j\2.20.0\log4j-to-slf4j-2.20.0.jar;C:\Users\Jovana\.m2\repository\org\apache\logging\log4j\log4j-api\2.20.0\log4j-api-2.20.0.jar;C:\Users\Jovana\.m2\repository\org\slf4j\jul-to-slf4j\2.0.7\jul-to-slf4j-2.0.7.jar;C:\Users\Jovana\.m2\repository\org\yaml\snakeyaml\1.33\snakeyaml-1.33.jar;C:\Users\Jovana\.m2\repository\org\springframework\boot\spring-boot-starter-json\3.1.2\spring-boot-starter-json-3.1.2.jar;C:\Users\Jovana\.m2\repository\com\fasterxml\jackson\datatype\jackson-datatype-jdk8\2.15.2\jackson-datatype-jdk8-2.15.2.jar;C:\Users\Jovana\.m2\repository\com\fasterxml\jackson\datatype\jackson-datatype-jsr310\2.15.2\jackson-datatype-jsr310-2.15.2.jar;C:\Users\Jovana\.m2\repository\com\fasterxml\jackson\module\jackson-module-parameter-names\2.15.2\jackson-module-parameter-names-2.15.2.jar;C:\Users\Jovana\.m2\repository\org\springframework\spring-web\6.0.11\spring-web-6.0.11.jar;C:\Users\Jovana\.m2\repository\org\springframework\spring-beans\6.0.11\spring-beans-6.0.11.jar;C:\Users\Jovana\.m2\repository\io\micrometer\micrometer-observation\1.11.2\micrometer-o
Launcher Type: SUN_STANDARD

[Global flags]
     intx CICompilerCount                          = 3                                         {product} {ergonomic}
     uint ConcGCThreads                            = 1                                         {product} {ergonomic}
     uint G1ConcRefinementThreads                  = 4                                         {product} {ergonomic}
   size_t G1HeapRegionSize                         = 1048576                                   {product} {ergonomic}
    uintx GCDrainStackTargetSize                   = 64                                        {product} {ergonomic}
   size_t InitialHeapSize                          = 67108864                                  {product} {ergonomic}
   size_t MarkStackSize                            = 4194304                                   {product} {ergonomic}
   size_t MaxHeapSize                              = 1042284544                                {product} {ergonomic}
   size_t MaxNewSize                               = 624951296                                 {product} {ergonomic}
   size_t MinHeapDeltaBytes                        = 1048576                                   {product} {ergonomic}
   size_t MinHeapSize                              = 8388608                                   {product} {ergonomic}
    uintx NonNMethodCodeHeapSize                   = 5832780                                {pd product} {ergonomic}
    uintx NonProfiledCodeHeapSize                  = 122912730                              {pd product} {ergonomic}
    uintx ProfiledCodeHeapSize                     = 122912730                              {pd product} {ergonomic}
    uintx ReservedCodeCacheSize                    = 251658240                              {pd product} {ergonomic}
     bool SegmentedCodeCache                       = true                                      {product} {ergonomic}
     bool ShowCodeDetailsInExceptionMessages       = true                                   {manageable} {command line}
   size_t SoftMaxHeapSize                          = 1042284544                             {manageable} {ergonomic}
     bool UseCompressedClassPointers               = true                           {product lp64_product} {ergonomic}
     bool UseCompressedOops                        = true                           {product lp64_product} {ergonomic}
     bool UseG1GC                                  = true                                      {product} {ergonomic}
     bool UseLargePagesIndividualAllocation        = false                                  {pd product} {ergonomic}

Logging:
Log output configuration:
 #0: stdout all=warning uptime,level,tags
 #1: stderr all=off uptime,level,tags

Environment Variables:
PATH=C:\Program Files\Common Files\Oracle\Java\javapath;C:\WINDOWS\system32;C:\WINDOWS;C:\WINDOWS\System32\Wbem;C:\WINDOWS\System32\WindowsPowerShell\v1.0\;C:\WINDOWS\System32\OpenSSH\;C:\Program Files\Java\jdk-13\bin;C:\Program Files\Java\jdk-14\bin;C:\ProgramData\chocolatey\bin;C:\Users\Jovana\AppData\Roaming\nvm;C:\Program Files\nodejs;C:\Program Files\nodejs\;C:\Program Files\Java\jdk-11\bin;C:\Program Files\Java\jdk-17\bin;C:\Program Files\Git\cmd;C:\Program Files\Git\bin;C:\Users\Jovana\AppData\Roaming\npm\yarn;C:\Users\Jovana\AppData\Local\Programs\Python\Python311\Scripts\;C:\Users\Jovana\AppData\Local\Programs\Python\Python311\;C:\python\Scripts\;C:\python\;C:\Users\Jovana\AppData\Local\Microsoft\WindowsApps;C:\Users\Jovana\AppData\Roaming\cabal\bin;C:\tools\ghc-9.2.1\bin;C:\Program Files\MongoDB\Server\5.0\bin;C:\Program Files\JetBrains\PyCharm Community Edition 2023.1.3\bin;;C:\Program Files\Python310;C:\Program Files\Python310\Scripts;C:\Program Files\PostgreSQL\14\bin;C:\Users\Jovana\AppData\Roaming\nvm;C:\Program Files\nodejs;C:\Users\Jovana\AppData\Roaming\npm;C:\Program Files\JetBrains\GoLand 2022.2.4\bin;;C:\Program Files\JetBrains\IntelliJ IDEA Community Edition 2022.3.3\bin;;C:\Users\Jovana\AppData\Local\Programs\Microsoft VS Code\bin;C:\Users\Jovana\AppData\Local\GitHubDesktop\bin;C:\Users\Jovana\AppData\Roaming\npm\yarn;
USERNAME=Jovana
OS=Windows_NT
PROCESSOR_IDENTIFIER=Intel64 Family 6 Model 78 Stepping 3, GenuineIntel



---------------  S Y S T E M  ---------------

OS:
 Windows 10 , 64 bit Build 19041 (10.0.19041.3636)
OS uptime: 1 days 3:18 hours

CPU: total 4 (initial active 4) (2 cores per cpu, 2 threads per core) family 6 model 78 stepping 3 microcode 0xcc, cx8, cmov, fxsr, ht, mmx, 3dnowpref, sse, sse2, sse3, ssse3, sse4.1, sse4.2, popcnt, lzcnt, tsc, tscinvbit, avx, avx2, aes, erms, clmul, bmi1, bmi2, adx, fma, vzeroupper, clflush, clflushopt

Memory: 4k page, system-wide physical 3970M (297M free)
TotalPageFile size 7801M (AvailPageFile size 4M)
current process WorkingSet (physical memory assigned to process): 130M, peak: 133M
current process commit charge ("private bytes"): 188M, peak: 190M

vm_info: Java HotSpot(TM) 64-Bit Server VM (17.0.6+9-LTS-190) for windows-amd64 JRE (17.0.6+9-LTS-190), built on Dec  6 2022 15:53:54 by "mach5one" with MS VC++ 17.1 (VS2022)

END.
