#
# There is insufficient memory for the Java Runtime Environment to continue.
# Native memory allocation (malloc) failed to allocate 1079056 bytes for Chunk::new
# Possible reasons:
#   The system is out of physical RAM or swap space
#   The process is running with CompressedOops enabled, and the Java Heap may be blocking the growth of the native heap
# Possible solutions:
#   Reduce memory load on the system
#   Increase physical memory or swap space
#   Check if swap backing store is full
#   Decrease Java heap size (-Xmx/-Xms)
#   Decrease number of Java threads
#   Decrease Java thread stack sizes (-Xss)
#   Set larger code cache with -XX:ReservedCodeCacheSize=
#   JVM is running with Unscaled Compressed Oops mode in which the Java heap is
#     placed in the first 4GB address space. The Java Heap base address is the
#     maximum limit for the native heap growth. Please use -XX:HeapBaseMinAddress
#     to set the Java Heap base and to place the Java Heap above 4GB virtual address.
# This output file may be truncated or incomplete.
#
#  Out of Memory Error (arena.cpp:189), pid=4396, tid=7564
#
# JRE version: Java(TM) SE Runtime Environment (17.0.6+9) (build 17.0.6+9-LTS-190)
# Java VM: Java HotSpot(TM) 64-Bit Server VM (17.0.6+9-LTS-190, mixed mode, sharing, tiered, compressed oops, compressed class ptrs, g1 gc, windows-amd64)
# No core dump will be written. Minidumps are not enabled by default on client versions of Windows
#

---------------  S U M M A R Y ------------

Command Line: -Dfile.encoding=UTF-8 -XX:+ShowCodeDetailsInExceptionMessages com.example.demo.DiplomskiBackendApplication

Host: Intel(R) Core(TM) i3-6006U CPU @ 2.00GHz, 4 cores, 3G,  Windows 10 , 64 bit Build 19041 (10.0.19041.3636)
Time: Sat Dec  9 13:31:49 2023 W. Europe Standard Time elapsed time: 26.747564 seconds (0d 0h 0m 26s)

---------------  T H R E A D  ---------------

Current thread (0x000001dc7e8f1840):  JavaThread "C2 CompilerThread0" daemon [_thread_in_native, id=7564, stack(0x00000079c2500000,0x00000079c2600000)]


Current CompileTask:
C2:  26748 4628       4       org.springframework.core.annotation.TypeMappedAnnotations$MergedAnnotationFinder::doWithAnnotations (75 bytes)

Stack: [0x00000079c2500000,0x00000079c2600000]
Native frames: (J=compiled Java code, j=interpreted, Vv=VM code, C=native code)
V  [jvm.dll+0x6734ea]
V  [jvm.dll+0x7d18f4]
V  [jvm.dll+0x7d309e]
V  [jvm.dll+0x7d3703]
V  [jvm.dll+0x2433c5]
V  [jvm.dll+0xaa46b]
V  [jvm.dll+0xaaa0c]
V  [jvm.dll+0x2a8b1f]
V  [jvm.dll+0x57bf85]
V  [jvm.dll+0x21e142]
V  [jvm.dll+0x21e51f]
V  [jvm.dll+0x217c36]
V  [jvm.dll+0x215109]
V  [jvm.dll+0x1a1730]
V  [jvm.dll+0x224b6e]
V  [jvm.dll+0x222f15]
V  [jvm.dll+0x78753c]
V  [jvm.dll+0x781a7a]
V  [jvm.dll+0x672375]
C  [ucrtbase.dll+0x21bb2]
C  [KERNEL32.DLL+0x17344]
C  [ntdll.dll+0x526b1]


---------------  P R O C E S S  ---------------

Threads class SMR info:
_java_thread_list=0x000001dc13bf8ae0, length=17, elements={
0x000001dc746f3140, 0x000001dc747af9d0, 0x000001dc747b0fc0, 0x000001dc747be0b0,
0x000001dc747be970, 0x000001dc7e8f0390, 0x000001dc7e8f0c50, 0x000001dc7e8f1840,
0x000001dc7e95cbd0, 0x000001dc7e965540, 0x000001dc7f4605d0, 0x000001dc7f477940,
0x000001dc11215fd0, 0x000001dc13811020, 0x000001dc7f55fda0, 0x000001dc11eecce0,
0x000001dc11bbe850
}

Java Threads: ( => current thread )
  0x000001dc746f3140 JavaThread "main" [_thread_in_vm, id=4988, stack(0x00000079c1800000,0x00000079c1900000)]
  0x000001dc747af9d0 JavaThread "Reference Handler" daemon [_thread_blocked, id=11624, stack(0x00000079c1f00000,0x00000079c2000000)]
  0x000001dc747b0fc0 JavaThread "Finalizer" daemon [_thread_blocked, id=4112, stack(0x00000079c2000000,0x00000079c2100000)]
  0x000001dc747be0b0 JavaThread "Signal Dispatcher" daemon [_thread_blocked, id=14696, stack(0x00000079c2100000,0x00000079c2200000)]
  0x000001dc747be970 JavaThread "Attach Listener" daemon [_thread_blocked, id=5256, stack(0x00000079c2200000,0x00000079c2300000)]
  0x000001dc7e8f0390 JavaThread "Service Thread" daemon [_thread_blocked, id=9004, stack(0x00000079c2300000,0x00000079c2400000)]
  0x000001dc7e8f0c50 JavaThread "Monitor Deflation Thread" daemon [_thread_blocked, id=12992, stack(0x00000079c2400000,0x00000079c2500000)]
=>0x000001dc7e8f1840 JavaThread "C2 CompilerThread0" daemon [_thread_in_native, id=7564, stack(0x00000079c2500000,0x00000079c2600000)]
  0x000001dc7e95cbd0 JavaThread "C1 CompilerThread0" daemon [_thread_blocked, id=4768, stack(0x00000079c2600000,0x00000079c2700000)]
  0x000001dc7e965540 JavaThread "Sweeper thread" daemon [_thread_blocked, id=2984, stack(0x00000079c2700000,0x00000079c2800000)]
  0x000001dc7f4605d0 JavaThread "Notification Thread" daemon [_thread_blocked, id=9536, stack(0x00000079c2800000,0x00000079c2900000)]
  0x000001dc7f477940 JavaThread "Common-Cleaner" daemon [_thread_blocked, id=15152, stack(0x00000079c2a00000,0x00000079c2b00000)]
  0x000001dc11215fd0 JavaThread "Catalina-utility-1" [_thread_blocked, id=11492, stack(0x00000079c2e00000,0x00000079c2f00000)]
  0x000001dc13811020 JavaThread "Catalina-utility-2" [_thread_blocked, id=9780, stack(0x00000079c2f00000,0x00000079c3000000)]
  0x000001dc7f55fda0 JavaThread "container-0" [_thread_blocked, id=5768, stack(0x00000079c3000000,0x00000079c3100000)]
  0x000001dc11eecce0 JavaThread "PostgreSQL-JDBC-Cleaner" daemon [_thread_blocked, id=14740, stack(0x00000079c3200000,0x00000079c3300000)]
  0x000001dc11bbe850 JavaThread "HikariPool-1 housekeeper" daemon [_thread_blocked, id=14156, stack(0x00000079c3300000,0x00000079c3400000)]

Other Threads:
  0x000001dc747a8640 VMThread "VM Thread" [stack: 0x00000079c1e00000,0x00000079c1f00000] [id=1472]
  0x000001dc7f462ec0 WatcherThread [stack: 0x00000079c2900000,0x00000079c2a00000] [id=500]
  0x000001dc7472db40 GCTaskThread "GC Thread#0" [stack: 0x00000079c1900000,0x00000079c1a00000] [id=11628]
  0x000001dc7fe08f10 GCTaskThread "GC Thread#1" [stack: 0x00000079c2b00000,0x00000079c2c00000] [id=13648]
  0x000001dc7fe00610 GCTaskThread "GC Thread#2" [stack: 0x00000079c2c00000,0x00000079c2d00000] [id=11636]
  0x000001dc7fded240 GCTaskThread "GC Thread#3" [stack: 0x00000079c2d00000,0x00000079c2e00000] [id=8784]
  0x000001dc74737e50 ConcurrentGCThread "G1 Main Marker" [stack: 0x00000079c1a00000,0x00000079c1b00000] [id=14808]
  0x000001dc74739780 ConcurrentGCThread "G1 Conc#0" [stack: 0x00000079c1b00000,0x00000079c1c00000] [id=7920]
  0x000001dc74788c90 ConcurrentGCThread "G1 Refine#0" [stack: 0x00000079c1c00000,0x00000079c1d00000] [id=14224]
  0x000001dc747895c0 ConcurrentGCThread "G1 Service" [stack: 0x00000079c1d00000,0x00000079c1e00000] [id=6304]

Threads with active compile tasks:
C2 CompilerThread0    27428 4628       4       org.springframework.core.annotation.TypeMappedAnnotations$MergedAnnotationFinder::doWithAnnotations (75 bytes)

VM state: not at safepoint (normal execution)

VM Mutex/Monitor currently owned by a thread: None

Heap address: 0x00000000c1e00000, size: 994 MB, Compressed Oops mode: 32-bit

CDS archive(s) mapped at: [0x0000000800000000-0x0000000800bd0000-0x0000000800bd0000), size 12386304, SharedBaseAddress: 0x0000000800000000, ArchiveRelocationMode: 0.
Compressed class space mapped at: 0x0000000800c00000-0x0000000840c00000, reserved size: 1073741824
Narrow klass base: 0x0000000800000000, Narrow klass shift: 0, Narrow klass range: 0x100000000

GC Precious Log:
 CPUs: 4 total, 4 available
 Memory: 3970M
 Large Page Support: Disabled
 NUMA Support: Disabled
 Compressed Oops: Enabled (32-bit)
 Heap Region Size: 1M
 Heap Min Capacity: 8M
 Heap Initial Capacity: 64M
 Heap Max Capacity: 994M
 Pre-touch: Disabled
 Parallel Workers: 4
 Concurrent Workers: 1
 Concurrent Refinement Workers: 4
 Periodic GC: Disabled

Heap:
 garbage-first heap   total 51200K, used 24468K [0x00000000c1e00000, 0x0000000100000000)
  region size 1024K, 3 young (3072K), 2 survivors (2048K)
 Metaspace       used 55552K, committed 56064K, reserved 1097728K
  class space    used 7694K, committed 7936K, reserved 1048576K

Heap Regions: E=young(eden), S=young(survivor), O=old, HS=humongous(starts), HC=humongous(continues), CS=collection set, F=free, OA=open archive, CA=closed archive, TAMS=top-at-mark-start (previous, next)
|   0|0x00000000c1e00000, 0x00000000c1f00000, 0x00000000c1f00000|100%|HS|  |TAMS 0x00000000c1f00000, 0x00000000c1e00000| Complete 
|   1|0x00000000c1f00000, 0x00000000c2000000, 0x00000000c2000000|100%| O|  |TAMS 0x00000000c2000000, 0x00000000c1f00000| Untracked 
|   2|0x00000000c2000000, 0x00000000c2100000, 0x00000000c2100000|100%| O|  |TAMS 0x00000000c2100000, 0x00000000c2000000| Untracked 
|   3|0x00000000c2100000, 0x00000000c2200000, 0x00000000c2200000|100%| O|  |TAMS 0x00000000c2200000, 0x00000000c2100000| Untracked 
|   4|0x00000000c2200000, 0x00000000c2300000, 0x00000000c2300000|100%| O|  |TAMS 0x00000000c2300000, 0x00000000c2200000| Untracked 
|   5|0x00000000c2300000, 0x00000000c2400000, 0x00000000c2400000|100%| O|  |TAMS 0x00000000c2400000, 0x00000000c2300000| Untracked 
|   6|0x00000000c2400000, 0x00000000c2500000, 0x00000000c2500000|100%| O|  |TAMS 0x00000000c2500000, 0x00000000c2400000| Untracked 
|   7|0x00000000c2500000, 0x00000000c2600000, 0x00000000c2600000|100%| O|  |TAMS 0x00000000c2600000, 0x00000000c2500000| Untracked 
|   8|0x00000000c2600000, 0x00000000c2700000, 0x00000000c2700000|100%| O|  |TAMS 0x00000000c2700000, 0x00000000c2600000| Untracked 
|   9|0x00000000c2700000, 0x00000000c2800000, 0x00000000c2800000|100%| O|  |TAMS 0x00000000c2800000, 0x00000000c2700000| Untracked 
|  10|0x00000000c2800000, 0x00000000c2900000, 0x00000000c2900000|100%| O|  |TAMS 0x00000000c2900000, 0x00000000c2800000| Untracked 
|  11|0x00000000c2900000, 0x00000000c295f200, 0x00000000c2a00000| 37%| O|  |TAMS 0x00000000c295f200, 0x00000000c2900000| Untracked 
|  12|0x00000000c2a00000, 0x00000000c2b00000, 0x00000000c2b00000|100%| O|  |TAMS 0x00000000c2b00000, 0x00000000c2a00000| Untracked 
|  13|0x00000000c2b00000, 0x00000000c2c00000, 0x00000000c2c00000|100%| O|  |TAMS 0x00000000c2c00000, 0x00000000c2b00000| Untracked 
|  14|0x00000000c2c00000, 0x00000000c2d00000, 0x00000000c2d00000|100%| O|  |TAMS 0x00000000c2d00000, 0x00000000c2c00000| Untracked 
|  15|0x00000000c2d00000, 0x00000000c2e00000, 0x00000000c2e00000|100%| O|  |TAMS 0x00000000c2e00000, 0x00000000c2d00000| Untracked 
|  16|0x00000000c2e00000, 0x00000000c2f00000, 0x00000000c2f00000|100%| O|  |TAMS 0x00000000c2e00000, 0x00000000c2e00000| Untracked 
|  17|0x00000000c2f00000, 0x00000000c3000000, 0x00000000c3000000|100%| O|  |TAMS 0x00000000c2f00000, 0x00000000c2f00000| Untracked 
|  18|0x00000000c3000000, 0x00000000c3100000, 0x00000000c3100000|100%| O|  |TAMS 0x00000000c3000000, 0x00000000c3000000| Untracked 
|  19|0x00000000c3100000, 0x00000000c3200000, 0x00000000c3200000|100%| O|  |TAMS 0x00000000c3100000, 0x00000000c3100000| Untracked 
|  20|0x00000000c3200000, 0x00000000c3300000, 0x00000000c3300000|100%| O|  |TAMS 0x00000000c3300000, 0x00000000c3200000| Untracked 
|  21|0x00000000c3300000, 0x00000000c3400000, 0x00000000c3400000|100%| O|  |TAMS 0x00000000c3312a00, 0x00000000c3300000| Untracked 
|  22|0x00000000c3400000, 0x00000000c3500000, 0x00000000c3500000|100%| O|  |TAMS 0x00000000c3400000, 0x00000000c3400000| Untracked 
|  23|0x00000000c3500000, 0x00000000c3524800, 0x00000000c3600000| 14%| O|  |TAMS 0x00000000c3500000, 0x00000000c3500000| Untracked 
|  24|0x00000000c3600000, 0x00000000c3600000, 0x00000000c3700000|  0%| F|  |TAMS 0x00000000c3600000, 0x00000000c3600000| Untracked 
|  25|0x00000000c3700000, 0x00000000c3700000, 0x00000000c3800000|  0%| F|  |TAMS 0x00000000c3700000, 0x00000000c3700000| Untracked 
|  26|0x00000000c3800000, 0x00000000c3800000, 0x00000000c3900000|  0%| F|  |TAMS 0x00000000c3800000, 0x00000000c3800000| Untracked 
|  27|0x00000000c3900000, 0x00000000c3900000, 0x00000000c3a00000|  0%| F|  |TAMS 0x00000000c3900000, 0x00000000c3900000| Untracked 
|  28|0x00000000c3a00000, 0x00000000c3a617d0, 0x00000000c3b00000| 38%| S|CS|TAMS 0x00000000c3a00000, 0x00000000c3a00000| Complete 
|  29|0x00000000c3b00000, 0x00000000c3b00000, 0x00000000c3c00000|  0%| F|  |TAMS 0x00000000c3b00000, 0x00000000c3b00000| Untracked 
|  30|0x00000000c3c00000, 0x00000000c3c00000, 0x00000000c3d00000|  0%| F|  |TAMS 0x00000000c3c00000, 0x00000000c3c00000| Untracked 
|  31|0x00000000c3d00000, 0x00000000c3d00000, 0x00000000c3e00000|  0%| F|  |TAMS 0x00000000c3d00000, 0x00000000c3d00000| Untracked 
|  32|0x00000000c3e00000, 0x00000000c3f00000, 0x00000000c3f00000|100%| S|CS|TAMS 0x00000000c3e00000, 0x00000000c3e00000| Complete 
|  33|0x00000000c3f00000, 0x00000000c3f00000, 0x00000000c4000000|  0%| F|  |TAMS 0x00000000c3f00000, 0x00000000c3f00000| Untracked 
|  34|0x00000000c4000000, 0x00000000c4000000, 0x00000000c4100000|  0%| F|  |TAMS 0x00000000c4000000, 0x00000000c4000000| Untracked 
|  35|0x00000000c4100000, 0x00000000c4100000, 0x00000000c4200000|  0%| F|  |TAMS 0x00000000c4100000, 0x00000000c4100000| Untracked 
|  36|0x00000000c4200000, 0x00000000c4200000, 0x00000000c4300000|  0%| F|  |TAMS 0x00000000c4200000, 0x00000000c4200000| Untracked 
|  37|0x00000000c4300000, 0x00000000c4300000, 0x00000000c4400000|  0%| F|  |TAMS 0x00000000c4300000, 0x00000000c4300000| Untracked 
|  38|0x00000000c4400000, 0x00000000c4400000, 0x00000000c4500000|  0%| F|  |TAMS 0x00000000c4400000, 0x00000000c4400000| Untracked 
|  39|0x00000000c4500000, 0x00000000c4500000, 0x00000000c4600000|  0%| F|  |TAMS 0x00000000c4500000, 0x00000000c4500000| Untracked 
|  40|0x00000000c4600000, 0x00000000c4600000, 0x00000000c4700000|  0%| F|  |TAMS 0x00000000c4600000, 0x00000000c4600000| Untracked 
|  41|0x00000000c4700000, 0x00000000c4700000, 0x00000000c4800000|  0%| F|  |TAMS 0x00000000c4700000, 0x00000000c4700000| Untracked 
|  42|0x00000000c4800000, 0x00000000c4800000, 0x00000000c4900000|  0%| F|  |TAMS 0x00000000c4800000, 0x00000000c4800000| Untracked 
|  43|0x00000000c4900000, 0x00000000c4900000, 0x00000000c4a00000|  0%| F|  |TAMS 0x00000000c4900000, 0x00000000c4900000| Untracked 
|  44|0x00000000c4a00000, 0x00000000c4a00000, 0x00000000c4b00000|  0%| F|  |TAMS 0x00000000c4a00000, 0x00000000c4a00000| Untracked 
|  45|0x00000000c4b00000, 0x00000000c4b00000, 0x00000000c4c00000|  0%| F|  |TAMS 0x00000000c4b00000, 0x00000000c4b00000| Untracked 
|  46|0x00000000c4c00000, 0x00000000c4c00000, 0x00000000c4d00000|  0%| F|  |TAMS 0x00000000c4c00000, 0x00000000c4c00000| Untracked 
|  47|0x00000000c4d00000, 0x00000000c4d00000, 0x00000000c4e00000|  0%| F|  |TAMS 0x00000000c4d00000, 0x00000000c4d00000| Untracked 
|  48|0x00000000c4e00000, 0x00000000c4e00000, 0x00000000c4f00000|  0%| F|  |TAMS 0x00000000c4e00000, 0x00000000c4e00000| Untracked 
|  63|0x00000000c5d00000, 0x00000000c5da4950, 0x00000000c5e00000| 64%| E|  |TAMS 0x00000000c5d00000, 0x00000000c5d00000| Complete 

Card table byte_map: [0x000001dc7c170000,0x000001dc7c370000] _byte_map_base: 0x000001dc7bb61000

Marking Bits (Prev, Next): (CMBitMap*) 0x000001dc7472f070, (CMBitMap*) 0x000001dc7472f0b0
 Prev Bits: [0x000001dc7c570000, 0x000001dc7d4f8000)
 Next Bits: [0x000001dc7d500000, 0x000001dc7e488000)

Polling page: 0x000001dc72690000

Metaspace:

Usage:
  Non-class:     46.74 MB used.
      Class:      7.51 MB used.
       Both:     54.26 MB used.

Virtual space:
  Non-class space:       48.00 MB reserved,      47.00 MB ( 98%) committed,  6 nodes.
      Class space:        1.00 GB reserved,       7.75 MB ( <1%) committed,  1 nodes.
             Both:        1.05 GB reserved,      54.75 MB (  5%) committed. 

Chunk freelists:
   Non-Class:  480.00 KB
       Class:  224.00 KB
        Both:  704.00 KB

MaxMetaspaceSize: unlimited
CompressedClassSpaceSize: 1.00 GB
Initial GC threshold: 21.00 MB
Current GC threshold: 59.00 MB
CDS: on
MetaspaceReclaimPolicy: balanced
 - commit_granule_bytes: 65536.
 - commit_granule_words: 8192.
 - virtual_space_node_default_size: 1048576.
 - enlarge_chunks_in_place: 1.
 - new_chunks_are_fully_committed: 0.
 - uncommit_free_chunks: 1.
 - use_allocation_guard: 0.
 - handle_deallocations: 1.


Internal statistics:

num_allocs_failed_limit: 6.
num_arena_births: 636.
num_arena_deaths: 0.
num_vsnodes_births: 7.
num_vsnodes_deaths: 0.
num_space_committed: 876.
num_space_uncommitted: 0.
num_chunks_returned_to_freelist: 6.
num_chunks_taken_from_freelist: 2645.
num_chunk_merges: 6.
num_chunk_splits: 1928.
num_chunks_enlarged: 1531.
num_purges: 0.
num_inconsistent_stats: 0.

CodeHeap 'non-profiled nmethods': size=120000Kb used=2634Kb max_used=2634Kb free=117365Kb
 bounds [0x000001dc07ad0000, 0x000001dc07d70000, 0x000001dc0f000000]
CodeHeap 'profiled nmethods': size=120000Kb used=9989Kb max_used=9989Kb free=110010Kb
 bounds [0x000001dc00000000, 0x000001dc009d0000, 0x000001dc07530000]
CodeHeap 'non-nmethods': size=5760Kb used=1310Kb max_used=1384Kb free=4449Kb
 bounds [0x000001dc07530000, 0x000001dc077a0000, 0x000001dc07ad0000]
 total_blobs=5503 nmethods=4863 adapters=552
 compilation: enabled
              stopped_count=0, restarted_count=0
 full_count=0

Compilation events (20 events):
Event: 26.193 Thread 0x000001dc7e95cbd0 4840       2       org.antlr.v4.runtime.VocabularyImpl::getLiteralName (22 bytes)
Event: 26.194 Thread 0x000001dc7e95cbd0 nmethod 4840 0x000001dc009a5b90 code [0x000001dc009a5d20, 0x000001dc009a5e78]
Event: 26.197 Thread 0x000001dc7e95cbd0 4841       2       org.antlr.v4.runtime.VocabularyImpl::getSymbolicName (30 bytes)
Event: 26.198 Thread 0x000001dc7e95cbd0 nmethod 4841 0x000001dc009a5f10 code [0x000001dc009a60c0, 0x000001dc009a6258]
Event: 26.231 Thread 0x000001dc7e95cbd0 4842       3       org.antlr.v4.runtime.atn.ATNDeserializer::stateFactory (240 bytes)
Event: 26.235 Thread 0x000001dc7e95cbd0 nmethod 4842 0x000001dc009a6310 code [0x000001dc009a6740, 0x000001dc009a87b8]
Event: 26.235 Thread 0x000001dc7e95cbd0 4843       3       org.antlr.v4.runtime.atn.ATN::addState (34 bytes)
Event: 26.235 Thread 0x000001dc7e95cbd0 nmethod 4843 0x000001dc009a9290 code [0x000001dc009a9440, 0x000001dc009a9798]
Event: 26.237 Thread 0x000001dc7e95cbd0 4844       2       java.util.ArrayList$Itr::<init> (26 bytes)
Event: 26.237 Thread 0x000001dc7e95cbd0 nmethod 4844 0x000001dc009a9910 code [0x000001dc009a9aa0, 0x000001dc009a9bf8]
Event: 26.238 Thread 0x000001dc7e95cbd0 4845       2       org.antlr.v4.runtime.misc.Interval::startsBeforeDisjoint (28 bytes)
Event: 26.238 Thread 0x000001dc7e95cbd0 nmethod 4845 0x000001dc009a9c90 code [0x000001dc009a9e20, 0x000001dc009a9f58]
Event: 26.239 Thread 0x000001dc7e95cbd0 4846       3       org.antlr.v4.runtime.atn.ATNDeserializer::edgeFactory (306 bytes)
Event: 26.245 Thread 0x000001dc7e95cbd0 nmethod 4846 0x000001dc009aa010 code [0x000001dc009aa600, 0x000001dc009adcc8]
Event: 26.245 Thread 0x000001dc7e95cbd0 4847       1       org.antlr.v4.runtime.atn.Transition::isEpsilon (2 bytes)
Event: 26.245 Thread 0x000001dc7e95cbd0 nmethod 4847 0x000001dc07d51490 code [0x000001dc07d51620, 0x000001dc07d516f8]
Event: 26.253 Thread 0x000001dc7e95cbd0 4848       3       org.antlr.v4.runtime.atn.ATNState::transition (14 bytes)
Event: 26.253 Thread 0x000001dc7e95cbd0 nmethod 4848 0x000001dc009aed90 code [0x000001dc009aef40, 0x000001dc009af208]
Event: 26.492 Thread 0x000001dc7e8f1840 nmethod 4807 0x000001dc07d51790 code [0x000001dc07d51f80, 0x000001dc07d5bb48]
Event: 26.494 Thread 0x000001dc7e8f1840 4628       4       org.springframework.core.annotation.TypeMappedAnnotations$MergedAnnotationFinder::doWithAnnotations (75 bytes)

GC Heap History (20 events):
Event: 9.952 GC heap before
{Heap before GC invocations=3 (full 0):
 garbage-first heap   total 65536K, used 39456K [0x00000000c1e00000, 0x0000000100000000)
  region size 1024K, 33 young (33792K), 3 survivors (3072K)
 Metaspace       used 16992K, committed 17280K, reserved 1064960K
  class space    used 2069K, committed 2240K, reserved 1048576K
}
Event: 9.967 GC heap after
{Heap after GC invocations=4 (full 0):
 garbage-first heap   total 65536K, used 12411K [0x00000000c1e00000, 0x0000000100000000)
  region size 1024K, 5 young (5120K), 5 survivors (5120K)
 Metaspace       used 16992K, committed 17280K, reserved 1064960K
  class space    used 2069K, committed 2240K, reserved 1048576K
}
Event: 12.191 GC heap before
{Heap before GC invocations=4 (full 0):
 garbage-first heap   total 65536K, used 35963K [0x00000000c1e00000, 0x0000000100000000)
  region size 1024K, 30 young (30720K), 5 survivors (5120K)
 Metaspace       used 21176K, committed 21504K, reserved 1073152K
  class space    used 2644K, committed 2816K, reserved 1048576K
}
Event: 12.205 GC heap after
{Heap after GC invocations=5 (full 0):
 garbage-first heap   total 65536K, used 13692K [0x00000000c1e00000, 0x0000000100000000)
  region size 1024K, 2 young (2048K), 2 survivors (2048K)
 Metaspace       used 21176K, committed 21504K, reserved 1073152K
  class space    used 2644K, committed 2816K, reserved 1048576K
}
Event: 14.536 GC heap before
{Heap before GC invocations=6 (full 0):
 garbage-first heap   total 51200K, used 41340K [0x00000000c1e00000, 0x0000000100000000)
  region size 1024K, 30 young (30720K), 2 survivors (2048K)
 Metaspace       used 27447K, committed 27840K, reserved 1073152K
  class space    used 3495K, committed 3712K, reserved 1048576K
}
Event: 14.557 GC heap after
{Heap after GC invocations=7 (full 0):
 garbage-first heap   total 51200K, used 16764K [0x00000000c1e00000, 0x0000000100000000)
  region size 1024K, 4 young (4096K), 4 survivors (4096K)
 Metaspace       used 27447K, committed 27840K, reserved 1073152K
  class space    used 3495K, committed 3712K, reserved 1048576K
}
Event: 15.761 GC heap before
{Heap before GC invocations=7 (full 0):
 garbage-first heap   total 51200K, used 36220K [0x00000000c1e00000, 0x0000000100000000)
  region size 1024K, 23 young (23552K), 4 survivors (4096K)
 Metaspace       used 31416K, committed 31872K, reserved 1081344K
  class space    used 4067K, committed 4288K, reserved 1048576K
}
Event: 15.773 GC heap after
{Heap after GC invocations=8 (full 0):
 garbage-first heap   total 51200K, used 18250K [0x00000000c1e00000, 0x0000000100000000)
  region size 1024K, 2 young (2048K), 2 survivors (2048K)
 Metaspace       used 31416K, committed 31872K, reserved 1081344K
  class space    used 4067K, committed 4288K, reserved 1048576K
}
Event: 17.965 GC heap before
{Heap before GC invocations=8 (full 0):
 garbage-first heap   total 51200K, used 31562K [0x00000000c1e00000, 0x0000000100000000)
  region size 1024K, 16 young (16384K), 2 survivors (2048K)
 Metaspace       used 35628K, committed 35968K, reserved 1081344K
  class space    used 4691K, committed 4864K, reserved 1048576K
}
Event: 17.972 GC heap after
{Heap after GC invocations=9 (full 0):
 garbage-first heap   total 51200K, used 18685K [0x00000000c1e00000, 0x0000000100000000)
  region size 1024K, 2 young (2048K), 2 survivors (2048K)
 Metaspace       used 35628K, committed 35968K, reserved 1081344K
  class space    used 4691K, committed 4864K, reserved 1048576K
}
Event: 19.362 GC heap before
{Heap before GC invocations=10 (full 0):
 garbage-first heap   total 51200K, used 38141K [0x00000000c1e00000, 0x0000000100000000)
  region size 1024K, 21 young (21504K), 2 survivors (2048K)
 Metaspace       used 40217K, committed 40704K, reserved 1089536K
  class space    used 5283K, committed 5504K, reserved 1048576K
}
Event: 19.369 GC heap after
{Heap after GC invocations=11 (full 0):
 garbage-first heap   total 51200K, used 20044K [0x00000000c1e00000, 0x0000000100000000)
  region size 1024K, 3 young (3072K), 3 survivors (3072K)
 Metaspace       used 40217K, committed 40704K, reserved 1089536K
  class space    used 5283K, committed 5504K, reserved 1048576K
}
Event: 20.712 GC heap before
{Heap before GC invocations=11 (full 0):
 garbage-first heap   total 51200K, used 36428K [0x00000000c1e00000, 0x0000000100000000)
  region size 1024K, 20 young (20480K), 3 survivors (3072K)
 Metaspace       used 45717K, committed 46144K, reserved 1089536K
  class space    used 6166K, committed 6400K, reserved 1048576K
}
Event: 20.729 GC heap after
{Heap after GC invocations=12 (full 0):
 garbage-first heap   total 51200K, used 20984K [0x00000000c1e00000, 0x0000000100000000)
  region size 1024K, 3 young (3072K), 3 survivors (3072K)
 Metaspace       used 45717K, committed 46144K, reserved 1089536K
  class space    used 6166K, committed 6400K, reserved 1048576K
}
Event: 22.555 GC heap before
{Heap before GC invocations=12 (full 0):
 garbage-first heap   total 51200K, used 39416K [0x00000000c1e00000, 0x0000000100000000)
  region size 1024K, 21 young (21504K), 3 survivors (3072K)
 Metaspace       used 49639K, committed 50176K, reserved 1097728K
  class space    used 6785K, committed 7040K, reserved 1048576K
}
Event: 22.567 GC heap after
{Heap after GC invocations=13 (full 0):
 garbage-first heap   total 51200K, used 21550K [0x00000000c1e00000, 0x0000000100000000)
  region size 1024K, 2 young (2048K), 2 survivors (2048K)
 Metaspace       used 49639K, committed 50176K, reserved 1097728K
  class space    used 6785K, committed 7040K, reserved 1048576K
}
Event: 23.816 GC heap before
{Heap before GC invocations=13 (full 0):
 garbage-first heap   total 51200K, used 39982K [0x00000000c1e00000, 0x0000000100000000)
  region size 1024K, 20 young (20480K), 2 survivors (2048K)
 Metaspace       used 53418K, committed 53888K, reserved 1097728K
  class space    used 7299K, committed 7552K, reserved 1048576K
}
Event: 23.826 GC heap after
{Heap after GC invocations=14 (full 0):
 garbage-first heap   total 51200K, used 23119K [0x00000000c1e00000, 0x0000000100000000)
  region size 1024K, 3 young (3072K), 3 survivors (3072K)
 Metaspace       used 53418K, committed 53888K, reserved 1097728K
  class space    used 7299K, committed 7552K, reserved 1048576K
}
Event: 26.458 GC heap before
{Heap before GC invocations=14 (full 0):
 garbage-first heap   total 51200K, used 40527K [0x00000000c1e00000, 0x0000000100000000)
  region size 1024K, 20 young (20480K), 3 survivors (3072K)
 Metaspace       used 55432K, committed 55936K, reserved 1097728K
  class space    used 7684K, committed 7936K, reserved 1048576K
}
Event: 26.468 GC heap after
{Heap after GC invocations=15 (full 0):
 garbage-first heap   total 51200K, used 24468K [0x00000000c1e00000, 0x0000000100000000)
  region size 1024K, 2 young (2048K), 2 survivors (2048K)
 Metaspace       used 55432K, committed 55936K, reserved 1097728K
  class space    used 7684K, committed 7936K, reserved 1048576K
}

Deoptimization events (20 events):
Event: 23.653 Thread 0x000001dc746f3140 Uncommon trap: trap_request=0xffffffde fr.pc=0x000001dc07c6759c relative=0x0000000000000c3c
Event: 23.653 Thread 0x000001dc746f3140 Uncommon trap: reason=class_check action=maybe_recompile pc=0x000001dc07c6759c method=org.springframework.util.ConcurrentReferenceHashMap$Segment.findInChain(Lorg/springframework/util/ConcurrentReferenceHashMap$Reference;Ljava/lang/Object;I)Lorg/springfra
Event: 23.653 Thread 0x000001dc746f3140 DEOPT PACKING pc=0x000001dc07c6759c sp=0x00000079c18fcad0
Event: 23.653 Thread 0x000001dc746f3140 DEOPT UNPACKING pc=0x000001dc075823a3 sp=0x00000079c18fc9a8 mode 2
Event: 23.653 Thread 0x000001dc746f3140 Uncommon trap: trap_request=0xffffffde fr.pc=0x000001dc07c68d34 relative=0x00000000000009d4
Event: 23.653 Thread 0x000001dc746f3140 Uncommon trap: reason=class_check action=maybe_recompile pc=0x000001dc07c68d34 method=org.springframework.util.ConcurrentReferenceHashMap$Segment.findInChain(Lorg/springframework/util/ConcurrentReferenceHashMap$Reference;Ljava/lang/Object;I)Lorg/springfra
Event: 23.653 Thread 0x000001dc746f3140 DEOPT PACKING pc=0x000001dc07c68d34 sp=0x00000079c18fca60
Event: 23.653 Thread 0x000001dc746f3140 DEOPT UNPACKING pc=0x000001dc075823a3 sp=0x00000079c18fc9a8 mode 2
Event: 23.655 Thread 0x000001dc746f3140 Uncommon trap: trap_request=0xffffffde fr.pc=0x000001dc07c63280 relative=0x0000000000000540
Event: 23.655 Thread 0x000001dc746f3140 Uncommon trap: reason=class_check action=maybe_recompile pc=0x000001dc07c63280 method=org.springframework.util.ConcurrentReferenceHashMap$Segment.findInChain(Lorg/springframework/util/ConcurrentReferenceHashMap$Reference;Ljava/lang/Object;I)Lorg/springfra
Event: 23.655 Thread 0x000001dc746f3140 DEOPT PACKING pc=0x000001dc07c63280 sp=0x00000079c18fc9e0
Event: 23.655 Thread 0x000001dc746f3140 DEOPT UNPACKING pc=0x000001dc075823a3 sp=0x00000079c18fc9a8 mode 2
Event: 23.995 Thread 0x000001dc746f3140 Uncommon trap: trap_request=0xffffffc6 fr.pc=0x000001dc07ce8a08 relative=0x0000000000000f08
Event: 23.995 Thread 0x000001dc746f3140 Uncommon trap: reason=bimorphic_or_optimized_type_check action=maybe_recompile pc=0x000001dc07ce8a08 method=java.util.HashMap.putVal(ILjava/lang/Object;Ljava/lang/Object;ZZ)Ljava/lang/Object; @ 203 c2
Event: 23.995 Thread 0x000001dc746f3140 DEOPT PACKING pc=0x000001dc07ce8a08 sp=0x00000079c18fcdb0
Event: 23.995 Thread 0x000001dc746f3140 DEOPT UNPACKING pc=0x000001dc075823a3 sp=0x00000079c18fcd40 mode 2
Event: 23.999 Thread 0x000001dc746f3140 Uncommon trap: trap_request=0xffffffc6 fr.pc=0x000001dc07ce8a08 relative=0x0000000000000f08
Event: 23.999 Thread 0x000001dc746f3140 Uncommon trap: reason=bimorphic_or_optimized_type_check action=maybe_recompile pc=0x000001dc07ce8a08 method=java.util.HashMap.putVal(ILjava/lang/Object;Ljava/lang/Object;ZZ)Ljava/lang/Object; @ 203 c2
Event: 23.999 Thread 0x000001dc746f3140 DEOPT PACKING pc=0x000001dc07ce8a08 sp=0x00000079c18fcdb0
Event: 23.999 Thread 0x000001dc746f3140 DEOPT UNPACKING pc=0x000001dc075823a3 sp=0x00000079c18fcd40 mode 2

Classes unloaded (0 events):
No events

Classes redefined (0 events):
No events

Internal exceptions (20 events):
Event: 22.126 Thread 0x000001dc746f3140 Exception <a 'java/lang/NoSuchMethodError'{0x00000000c44a5cc0}: 'void java.lang.invoke.DirectMethodHandle$Holder.invokeStaticInit(java.lang.Object, int, java.lang.Object, java.lang.Object, java.lang.Object, java.lang.Object)'> (0x00000000c44a5cc0) 
thrown [s\open\src\hotspot\share\interpreter\linkResolver.cpp, line 759]
Event: 22.209 Thread 0x000001dc746f3140 Exception <a 'java/lang/NoSuchMethodError'{0x00000000c43e54b0}: 'java.lang.Object java.lang.invoke.DirectMethodHandle$Holder.newInvokeSpecial(java.lang.Object, java.lang.Object, java.lang.Object, java.lang.Object, java.lang.Object, java.lang.Object)'> (0x00000000c43e54b0) 
thrown [s\open\src\hotspot\share\interpreter\linkResolver.cpp, line 759]
Event: 22.213 Thread 0x000001dc746f3140 Exception <a 'java/lang/NoSuchMethodError'{0x00000000c43f7708}: 'int java.lang.invoke.DirectMethodHandle$Holder.invokeStatic(java.lang.Object, java.lang.Object, java.lang.Object, java.lang.Object, java.lang.Object)'> (0x00000000c43f7708) 
thrown [s\open\src\hotspot\share\interpreter\linkResolver.cpp, line 759]
Event: 22.244 Thread 0x000001dc746f3140 Exception <a 'java/lang/NoSuchMethodError'{0x00000000c4289578}: 'void java.lang.invoke.DirectMethodHandle$Holder.invokeInterface(java.lang.Object, java.lang.Object, int, java.lang.Object)'> (0x00000000c4289578) 
thrown [s\open\src\hotspot\share\interpreter\linkResolver.cpp, line 759]
Event: 22.253 Thread 0x000001dc746f3140 Exception <a 'java/lang/NoSuchMethodError'{0x00000000c42b2470}: 'java.lang.Object java.lang.invoke.DirectMethodHandle$Holder.newInvokeSpecial(java.lang.Object, java.lang.Object, int, java.lang.Object)'> (0x00000000c42b2470) 
thrown [s\open\src\hotspot\share\interpreter\linkResolver.cpp, line 759]
Event: 22.254 Thread 0x000001dc746f3140 Exception <a 'java/lang/NoSuchMethodError'{0x00000000c42b6288}: 'java.lang.Object java.lang.invoke.Invokers$Holder.linkToTargetMethod(java.lang.Object, int, java.lang.Object, java.lang.Object)'> (0x00000000c42b6288) 
thrown [s\open\src\hotspot\share\interpreter\linkResolver.cpp, line 759]
Event: 22.376 Thread 0x000001dc746f3140 Exception <a 'java/lang/NoSuchMethodError'{0x00000000c407ccf8}: 'int java.lang.invoke.DirectMethodHandle$Holder.invokeStatic(java.lang.Object, int, java.lang.Object)'> (0x00000000c407ccf8) 
thrown [s\open\src\hotspot\share\interpreter\linkResolver.cpp, line 759]
Event: 22.384 Thread 0x000001dc746f3140 Exception <a 'java/lang/NoSuchMethodError'{0x00000000c409ae00}: 'java.lang.Object java.lang.invoke.DirectMethodHandle$Holder.newInvokeSpecial(java.lang.Object, java.lang.Object, java.lang.Object, java.lang.Object, java.lang.Object, int)'> (0x00000000c409ae00) 
thrown [s\open\src\hotspot\share\interpreter\linkResolver.cpp, line 759]
Event: 22.384 Thread 0x000001dc746f3140 Exception <a 'java/lang/NoSuchMethodError'{0x00000000c409eec0}: 'java.lang.Object java.lang.invoke.Invokers$Holder.linkToTargetMethod(java.lang.Object, java.lang.Object, java.lang.Object, java.lang.Object, int, java.lang.Object)'> (0x00000000c409eec0) 
thrown [s\open\src\hotspot\share\interpreter\linkResolver.cpp, line 759]
Event: 22.403 Thread 0x000001dc746f3140 Exception <a 'java/lang/NoSuchMethodError'{0x00000000c40e0c60}: 'java.lang.Object java.lang.invoke.DirectMethodHandle$Holder.newInvokeSpecial(java.lang.Object, java.lang.Object, java.lang.Object, java.lang.Object, java.lang.Object, java.lang.Object, java.lang.Object, java.lang.Object, java.lang.Object, java.lang.Object, java.lang.Object)'> (0x00000000c40e0c60) 
thrown [s\open\src\hotspot\share\interpreter\linkResolver.cpp, line 759]
Event: 22.403 Thread 0x000001dc746f3140 Exception <a 'java/lang/NoSuchMethodError'{0x00000000c40e5970}: 'java.lang.Object java.lang.invoke.DirectMethodHandle$Holder.invokeSpecial(java.lang.Object, java.lang.Object, java.lang.Object, java.lang.Object, java.lang.Object, java.lang.Object, java.lang.Object, java.lang.Object, java.lang.Object, java.lang.Object, java.lang.Object, java.lang.Object)'> (0x00000000c40e5970) 
thrown [s\open\src\hotspot\share\interpreter\linkResolver.cpp, line 759]
Event: 22.404 Thread 0x000001dc746f3140 Exception <a 'java/lang/NoSuchMethodError'{0x00000000c40e9f10}: 'java.lang.Object java.lang.invoke.Invokers$Holder.linkToTargetMethod(java.lang.Object, java.lang.Object, java.lang.Object, java.lang.Object, java.lang.Object, java.lang.Object, java.lang.Object, java.lang.Object, java.lang.Object, java.lang.Object, java.lang.Object)'> (0x00000000c40e9f10) 
thrown [s\open\src\hotspot\share\interpreter\linkResolver.cpp, line 759]
Event: 22.530 Thread 0x000001dc746f3140 Exception <a 'java/lang/NoSuchMethodError'{0x00000000c3ba5c58}: 'java.lang.Object java.lang.invoke.DirectMethodHandle$Holder.newInvokeSpecial(java.lang.Object, java.lang.Object, int, java.lang.Object, int, java.lang.Object, java.lang.Object)'> (0x00000000c3ba5c58) 
thrown [s\open\src\hotspot\share\interpreter\linkResolver.cpp, line 759]
Event: 22.581 Thread 0x000001dc746f3140 Exception <a 'java/lang/NoSuchMethodError'{0x00000000c5d18a20}: 'java.lang.Object java.lang.invoke.DirectMethodHandle$Holder.newInvokeSpecial(java.lang.Object, java.lang.Object, java.lang.Object, java.lang.Object, java.lang.Object, java.lang.Object, java.lang.Object, int)'> (0x00000000c5d18a20) 
thrown [s\open\src\hotspot\share\interpreter\linkResolver.cpp, line 759]
Event: 22.582 Thread 0x000001dc746f3140 Exception <a 'java/lang/NoSuchMethodError'{0x00000000c5d1da18}: 'java.lang.Object java.lang.invoke.DirectMethodHandle$Holder.invokeSpecial(java.lang.Object, java.lang.Object, java.lang.Object, java.lang.Object, java.lang.Object, java.lang.Object, java.lang.Object, java.lang.Object, int)'> (0x00000000c5d1da18) 
thrown [s\open\src\hotspot\share\interpreter\linkResolver.cpp, line 759]
Event: 22.683 Thread 0x000001dc746f3140 Exception <a 'java/lang/NoSuchMethodError'{0x00000000c4e74750}: 'void java.lang.invoke.DirectMethodHandle$Holder.invokeInterface(java.lang.Object, java.lang.Object)'> (0x00000000c4e74750) 
thrown [s\open\src\hotspot\share\interpreter\linkResolver.cpp, line 759]
Event: 23.282 Thread 0x000001dc746f3140 Exception <a 'java/lang/IncompatibleClassChangeError'{0x00000000c4645ce8}: Found class java.lang.Object, but interface was expected> (0x00000000c4645ce8) 
thrown [s\open\src\hotspot\share\interpreter\linkResolver.cpp, line 826]
Event: 23.299 Thread 0x000001dc746f3140 Exception <a 'java/lang/IncompatibleClassChangeError'{0x00000000c46c8f58}: Found class java.lang.Object, but interface was expected> (0x00000000c46c8f58) 
thrown [s\open\src\hotspot\share\interpreter\linkResolver.cpp, line 826]
Event: 23.354 Thread 0x000001dc746f3140 Exception <a 'java/lang/IncompatibleClassChangeError'{0x00000000c4441218}: Found class java.lang.Object, but interface was expected> (0x00000000c4441218) 
thrown [s\open\src\hotspot\share\interpreter\linkResolver.cpp, line 826]
Event: 23.850 Thread 0x000001dc746f3140 Exception <a 'java/lang/IncompatibleClassChangeError'{0x00000000c5d619e0}: Found class java.lang.Object, but interface was expected> (0x00000000c5d619e0) 
thrown [s\open\src\hotspot\share\interpreter\linkResolver.cpp, line 826]

VM Operations (20 events):
Event: 21.946 Executing VM operation: ICBufferFull done
Event: 22.555 Executing VM operation: G1CollectForAllocation
Event: 22.567 Executing VM operation: G1CollectForAllocation done
Event: 23.579 Executing VM operation: Cleanup
Event: 23.581 Executing VM operation: Cleanup done
Event: 23.624 Executing VM operation: HandshakeAllThreads
Event: 23.624 Executing VM operation: HandshakeAllThreads done
Event: 23.816 Executing VM operation: G1CollectForAllocation
Event: 23.826 Executing VM operation: G1CollectForAllocation done
Event: 24.057 Executing VM operation: HandshakeAllThreads
Event: 24.057 Executing VM operation: HandshakeAllThreads done
Event: 24.059 Executing VM operation: HandshakeAllThreads
Event: 24.060 Executing VM operation: HandshakeAllThreads done
Event: 25.065 Executing VM operation: Cleanup
Event: 25.383 Executing VM operation: Cleanup done
Event: 25.521 Executing VM operation: HandshakeAllThreads
Event: 25.684 Executing VM operation: HandshakeAllThreads done
Event: 25.697 Executing VM operation: HandshakeAllThreads
Event: 25.808 Executing VM operation: HandshakeAllThreads done
Event: 26.342 Executing VM operation: G1CollectForAllocation

Events (20 events):
Event: 24.613 loading class java/util/stream/ReduceOps$CountingSink$OfRef
Event: 24.613 loading class java/util/stream/ReduceOps$CountingSink$OfRef done
Event: 24.993 loading class java/util/regex/Pattern$Bound
Event: 24.995 loading class java/util/regex/Pattern$Bound done
Event: 24.995 loading class java/util/regex/Pattern$SliceI
Event: 24.998 loading class java/util/regex/Pattern$SliceI done
Event: 25.013 loading class java/util/regex/Pattern$LookBehindEndNode
Event: 25.013 loading class java/util/regex/Pattern$LookBehindEndNode done
Event: 25.014 loading class java/util/regex/Pattern$NotBehind
Event: 25.014 loading class java/util/regex/Pattern$NotBehind done
Event: 25.015 loading class java/util/regex/Pattern$Behind
Event: 25.015 loading class java/util/regex/Pattern$Behind done
Event: 25.023 loading class java/util/regex/Pattern$1
Event: 25.024 loading class java/util/regex/Pattern$1 done
Event: 25.408 loading class java/util/EmptyStackException
Event: 25.408 loading class java/util/EmptyStackException done
Event: 25.499 loading class java/io/InvalidClassException
Event: 25.500 loading class java/io/InvalidClassException done
Event: 25.519 loading class java/util/ArrayList$ListItr
Event: 25.520 loading class java/util/ArrayList$ListItr done


Dynamic libraries:
0x00007ff621670000 - 0x00007ff621680000 	C:\Program Files\Java\jdk-17\bin\javaw.exe
0x00007ffb05270000 - 0x00007ffb05468000 	C:\WINDOWS\SYSTEM32\ntdll.dll
0x00007ffad5970000 - 0x00007ffad5989000 	C:\Program Files\Avast Software\Avast\aswhook.dll
0x00007ffb04b70000 - 0x00007ffb04c2d000 	C:\WINDOWS\System32\KERNEL32.DLL
0x00007ffb02c70000 - 0x00007ffb02f66000 	C:\WINDOWS\System32\KERNELBASE.dll
0x00007ffb02f70000 - 0x00007ffb03070000 	C:\WINDOWS\System32\ucrtbase.dll
0x00007ffafe6f0000 - 0x00007ffafe708000 	C:\Program Files\Java\jdk-17\bin\jli.dll
0x00007ffb050d0000 - 0x00007ffb0517f000 	C:\WINDOWS\System32\ADVAPI32.dll
0x00007ffb03540000 - 0x00007ffb035de000 	C:\WINDOWS\System32\msvcrt.dll
0x00007ffb04f50000 - 0x00007ffb04fec000 	C:\WINDOWS\System32\sechost.dll
0x00007ffb04c30000 - 0x00007ffb04d56000 	C:\WINDOWS\System32\RPCRT4.dll
0x00007ffb038a0000 - 0x00007ffb03a3e000 	C:\WINDOWS\System32\USER32.dll
0x00007ffb02b70000 - 0x00007ffb02b92000 	C:\WINDOWS\System32\win32u.dll
0x00007ffb03450000 - 0x00007ffb0347c000 	C:\WINDOWS\System32\GDI32.dll
0x00007ffb029a0000 - 0x00007ffb02aba000 	C:\WINDOWS\System32\gdi32full.dll
0x00007ffb02ba0000 - 0x00007ffb02c3d000 	C:\WINDOWS\System32\msvcp_win.dll
0x00007ffafd0c0000 - 0x00007ffafd0db000 	C:\Program Files\Java\jdk-17\bin\VCRUNTIME140.dll
0x00007ffaf1580000 - 0x00007ffaf181a000 	C:\WINDOWS\WinSxS\amd64_microsoft.windows.common-controls_6595b64144ccf1df_6.0.19041.3636_none_60b6a03d71f818d5\COMCTL32.dll
0x00007ffafb070000 - 0x00007ffafb07a000 	C:\WINDOWS\SYSTEM32\VERSION.dll
0x00007ffb035e0000 - 0x00007ffb03610000 	C:\WINDOWS\System32\IMM32.DLL
0x00007ffafe790000 - 0x00007ffafe79c000 	C:\Program Files\Java\jdk-17\bin\vcruntime140_1.dll
0x00007ffae9d10000 - 0x00007ffae9d9e000 	C:\Program Files\Java\jdk-17\bin\msvcp140.dll
0x00007ffaa5740000 - 0x00007ffaa6317000 	C:\Program Files\Java\jdk-17\bin\server\jvm.dll
0x00007ffb036c0000 - 0x00007ffb036c8000 	C:\WINDOWS\System32\PSAPI.DLL
0x00007ffaf1db0000 - 0x00007ffaf1db9000 	C:\WINDOWS\SYSTEM32\WSOCK32.dll
0x00007ffb03a40000 - 0x00007ffb03aab000 	C:\WINDOWS\System32\WS2_32.dll
0x00007ffaf02e0000 - 0x00007ffaf0307000 	C:\WINDOWS\SYSTEM32\WINMM.dll
0x00007ffb00810000 - 0x00007ffb00822000 	C:\WINDOWS\SYSTEM32\kernel.appcore.dll
0x00007ffafd8a0000 - 0x00007ffafd8aa000 	C:\Program Files\Java\jdk-17\bin\jimage.dll
0x00007ffafa1e0000 - 0x00007ffafa3c4000 	C:\WINDOWS\SYSTEM32\DBGHELP.DLL
0x00007ffafa180000 - 0x00007ffafa1b4000 	C:\WINDOWS\SYSTEM32\dbgcore.DLL
0x00007ffb030e0000 - 0x00007ffb03162000 	C:\WINDOWS\System32\bcryptPrimitives.dll
0x00007ffafc240000 - 0x00007ffafc265000 	C:\Program Files\Java\jdk-17\bin\java.dll
0x00007ffad2a30000 - 0x00007ffad2b07000 	C:\Program Files\Java\jdk-17\bin\jsvml.dll
0x00007ffb03ab0000 - 0x00007ffb041f4000 	C:\WINDOWS\System32\SHELL32.dll
0x00007ffb00a10000 - 0x00007ffb011ab000 	C:\WINDOWS\SYSTEM32\windows.storage.dll
0x00007ffb04810000 - 0x00007ffb04b64000 	C:\WINDOWS\System32\combase.dll
0x00007ffb02390000 - 0x00007ffb023bd000 	C:\WINDOWS\SYSTEM32\Wldp.dll
0x00007ffb03610000 - 0x00007ffb036bd000 	C:\WINDOWS\System32\SHCORE.dll
0x00007ffb047a0000 - 0x00007ffb047f5000 	C:\WINDOWS\System32\shlwapi.dll
0x00007ffb02880000 - 0x00007ffb028a5000 	C:\WINDOWS\SYSTEM32\profapi.dll
0x00007ffafcf10000 - 0x00007ffafcf29000 	C:\Program Files\Java\jdk-17\bin\net.dll
0x00007ffaf9a90000 - 0x00007ffaf9b9a000 	C:\WINDOWS\SYSTEM32\WINHTTP.dll
0x00007ffb020f0000 - 0x00007ffb0215a000 	C:\WINDOWS\system32\mswsock.dll
0x00007ffafc140000 - 0x00007ffafc156000 	C:\Program Files\Java\jdk-17\bin\nio.dll
0x00007ffaf9660000 - 0x00007ffaf9678000 	C:\Program Files\Java\jdk-17\bin\zip.dll
0x00007ffb022f0000 - 0x00007ffb02308000 	C:\WINDOWS\SYSTEM32\CRYPTSP.dll
0x00007ffb019b0000 - 0x00007ffb019e4000 	C:\WINDOWS\system32\rsaenh.dll
0x00007ffb02c40000 - 0x00007ffb02c67000 	C:\WINDOWS\System32\bcrypt.dll
0x00007ffb02840000 - 0x00007ffb0286e000 	C:\WINDOWS\SYSTEM32\USERENV.dll
0x00007ffb022e0000 - 0x00007ffb022ec000 	C:\WINDOWS\SYSTEM32\CRYPTBASE.dll
0x00007ffb01d90000 - 0x00007ffb01dcb000 	C:\WINDOWS\SYSTEM32\IPHLPAPI.DLL
0x00007ffb03360000 - 0x00007ffb03368000 	C:\WINDOWS\System32\NSI.dll
0x00007ffaf9d80000 - 0x00007ffaf9d97000 	C:\WINDOWS\SYSTEM32\dhcpcsvc6.DLL
0x00007ffafa0d0000 - 0x00007ffafa0ed000 	C:\WINDOWS\SYSTEM32\dhcpcsvc.DLL
0x00007ffb01de0000 - 0x00007ffb01eaa000 	C:\WINDOWS\SYSTEM32\DNSAPI.dll
0x00007ffafc230000 - 0x00007ffafc23d000 	C:\Program Files\Java\jdk-17\bin\sunmscapi.dll
0x00007ffb03170000 - 0x00007ffb032cd000 	C:\WINDOWS\System32\CRYPT32.dll
0x00007ffb02400000 - 0x00007ffb02427000 	C:\WINDOWS\SYSTEM32\ncrypt.dll
0x00007ffb023c0000 - 0x00007ffb023fb000 	C:\WINDOWS\SYSTEM32\NTASN1.dll
0x00007ffafd240000 - 0x00007ffafd24a000 	C:\Program Files\Java\jdk-17\bin\management.dll
0x00007ffafd0b0000 - 0x00007ffafd0bb000 	C:\Program Files\Java\jdk-17\bin\management_ext.dll
0x00007ffafd2c0000 - 0x00007ffafd2d0000 	C:\Program Files\Java\jdk-17\bin\verify.dll
0x00007ffafb290000 - 0x00007ffafb29a000 	C:\Windows\System32\rasadhlp.dll
0x00007ffaf6890000 - 0x00007ffaf6910000 	C:\WINDOWS\System32\fwpuclnt.dll

dbghelp: loaded successfully - version: 4.0.5 - missing functions: none
symbol engine: initialized successfully - sym options: 0x614 - pdb path: .;C:\Program Files\Java\jdk-17\bin;C:\WINDOWS\SYSTEM32;C:\Program Files\Avast Software\Avast;C:\WINDOWS\WinSxS\amd64_microsoft.windows.common-controls_6595b64144ccf1df_6.0.19041.3636_none_60b6a03d71f818d5;C:\Program Files\Java\jdk-17\bin\server

VM Arguments:
jvm_args: -Dfile.encoding=UTF-8 -XX:+ShowCodeDetailsInExceptionMessages 
java_command: com.example.demo.DiplomskiBackendApplication
java_class_path (initial): C:\Users\Jovana\Desktop\Diplomski\diplomski_backend\target\classes;C:\Users\Jovana\.m2\repository\org\springframework\boot\spring-boot-starter-web\3.1.2\spring-boot-starter-web-3.1.2.jar;C:\Users\Jovana\.m2\repository\org\springframework\boot\spring-boot-starter\3.1.2\spring-boot-starter-3.1.2.jar;C:\Users\Jovana\.m2\repository\org\springframework\boot\spring-boot\3.1.2\spring-boot-3.1.2.jar;C:\Users\Jovana\.m2\repository\org\springframework\boot\spring-boot-autoconfigure\3.1.2\spring-boot-autoconfigure-3.1.2.jar;C:\Users\Jovana\.m2\repository\org\springframework\boot\spring-boot-starter-logging\3.1.2\spring-boot-starter-logging-3.1.2.jar;C:\Users\Jovana\.m2\repository\ch\qos\logback\logback-classic\1.4.8\logback-classic-1.4.8.jar;C:\Users\Jovana\.m2\repository\ch\qos\logback\logback-core\1.4.8\logback-core-1.4.8.jar;C:\Users\Jovana\.m2\repository\org\apache\logging\log4j\log4j-to-slf4j\2.20.0\log4j-to-slf4j-2.20.0.jar;C:\Users\Jovana\.m2\repository\org\apache\logging\log4j\log4j-api\2.20.0\log4j-api-2.20.0.jar;C:\Users\Jovana\.m2\repository\org\slf4j\jul-to-slf4j\2.0.7\jul-to-slf4j-2.0.7.jar;C:\Users\Jovana\.m2\repository\org\yaml\snakeyaml\1.33\snakeyaml-1.33.jar;C:\Users\Jovana\.m2\repository\org\springframework\boot\spring-boot-starter-json\3.1.2\spring-boot-starter-json-3.1.2.jar;C:\Users\Jovana\.m2\repository\com\fasterxml\jackson\datatype\jackson-datatype-jdk8\2.15.2\jackson-datatype-jdk8-2.15.2.jar;C:\Users\Jovana\.m2\repository\com\fasterxml\jackson\datatype\jackson-datatype-jsr310\2.15.2\jackson-datatype-jsr310-2.15.2.jar;C:\Users\Jovana\.m2\repository\com\fasterxml\jackson\module\jackson-module-parameter-names\2.15.2\jackson-module-parameter-names-2.15.2.jar;C:\Users\Jovana\.m2\repository\org\springframework\spring-web\6.0.11\spring-web-6.0.11.jar;C:\Users\Jovana\.m2\repository\org\springframework\spring-beans\6.0.11\spring-beans-6.0.11.jar;C:\Users\Jovana\.m2\repository\io\micrometer\micrometer-observation\1.11.2\micrometer-o
Launcher Type: SUN_STANDARD

[Global flags]
     intx CICompilerCount                          = 3                                         {product} {ergonomic}
     uint ConcGCThreads                            = 1                                         {product} {ergonomic}
     uint G1ConcRefinementThreads                  = 4                                         {product} {ergonomic}
   size_t G1HeapRegionSize                         = 1048576                                   {product} {ergonomic}
    uintx GCDrainStackTargetSize                   = 64                                        {product} {ergonomic}
   size_t InitialHeapSize                          = 67108864                                  {product} {ergonomic}
   size_t MarkStackSize                            = 4194304                                   {product} {ergonomic}
   size_t MaxHeapSize                              = 1042284544                                {product} {ergonomic}
   size_t MaxNewSize                               = 624951296                                 {product} {ergonomic}
   size_t MinHeapDeltaBytes                        = 1048576                                   {product} {ergonomic}
   size_t MinHeapSize                              = 8388608                                   {product} {ergonomic}
    uintx NonNMethodCodeHeapSize                   = 5832780                                {pd product} {ergonomic}
    uintx NonProfiledCodeHeapSize                  = 122912730                              {pd product} {ergonomic}
    uintx ProfiledCodeHeapSize                     = 122912730                              {pd product} {ergonomic}
    uintx ReservedCodeCacheSize                    = 251658240                              {pd product} {ergonomic}
     bool SegmentedCodeCache                       = true                                      {product} {ergonomic}
     bool ShowCodeDetailsInExceptionMessages       = true                                   {manageable} {command line}
   size_t SoftMaxHeapSize                          = 1042284544                             {manageable} {ergonomic}
     bool UseCompressedClassPointers               = true                           {product lp64_product} {ergonomic}
     bool UseCompressedOops                        = true                           {product lp64_product} {ergonomic}
     bool UseG1GC                                  = true                                      {product} {ergonomic}
     bool UseLargePagesIndividualAllocation        = false                                  {pd product} {ergonomic}

Logging:
Log output configuration:
 #0: stdout all=warning uptime,level,tags
 #1: stderr all=off uptime,level,tags

Environment Variables:
PATH=C:\Program Files\Common Files\Oracle\Java\javapath;C:\WINDOWS\system32;C:\WINDOWS;C:\WINDOWS\System32\Wbem;C:\WINDOWS\System32\WindowsPowerShell\v1.0\;C:\WINDOWS\System32\OpenSSH\;C:\Program Files\Java\jdk-13\bin;C:\Program Files\Java\jdk-14\bin;C:\ProgramData\chocolatey\bin;C:\Users\Jovana\AppData\Roaming\nvm;C:\Program Files\nodejs;C:\Program Files\nodejs\;C:\Program Files\Java\jdk-11\bin;C:\Program Files\Java\jdk-17\bin;C:\Program Files\Git\cmd;C:\Program Files\Git\bin;C:\Users\Jovana\AppData\Roaming\npm\yarn;C:\Users\Jovana\AppData\Local\Programs\Python\Python311\Scripts\;C:\Users\Jovana\AppData\Local\Programs\Python\Python311\;C:\python\Scripts\;C:\python\;C:\Users\Jovana\AppData\Local\Microsoft\WindowsApps;C:\Users\Jovana\AppData\Roaming\cabal\bin;C:\tools\ghc-9.2.1\bin;C:\Program Files\MongoDB\Server\5.0\bin;C:\Program Files\JetBrains\PyCharm Community Edition 2023.1.3\bin;;C:\Program Files\Python310;C:\Program Files\Python310\Scripts;C:\Program Files\PostgreSQL\14\bin;C:\Users\Jovana\AppData\Roaming\nvm;C:\Program Files\nodejs;C:\Users\Jovana\AppData\Roaming\npm;C:\Program Files\JetBrains\GoLand 2022.2.4\bin;;C:\Program Files\JetBrains\IntelliJ IDEA Community Edition 2022.3.3\bin;;C:\Users\Jovana\AppData\Local\Programs\Microsoft VS Code\bin;C:\Users\Jovana\AppData\Local\GitHubDesktop\bin;C:\Users\Jovana\AppData\Roaming\npm\yarn;
USERNAME=Jovana
OS=Windows_NT
PROCESSOR_IDENTIFIER=Intel64 Family 6 Model 78 Stepping 3, GenuineIntel



---------------  S Y S T E M  ---------------

OS:
 Windows 10 , 64 bit Build 19041 (10.0.19041.3636)
OS uptime: 0 days 18:00 hours

CPU: total 4 (initial active 4) (2 cores per cpu, 2 threads per core) family 6 model 78 stepping 3 microcode 0xcc, cx8, cmov, fxsr, ht, mmx, 3dnowpref, sse, sse2, sse3, ssse3, sse4.1, sse4.2, popcnt, lzcnt, tsc, tscinvbit, avx, avx2, aes, erms, clmul, bmi1, bmi2, adx, fma, vzeroupper, clflush, clflushopt

Memory: 4k page, system-wide physical 3970M (235M free)
TotalPageFile size 7801M (AvailPageFile size 93M)
current process WorkingSet (physical memory assigned to process): 195M, peak: 200M
current process commit charge ("private bytes"): 235M, peak: 239M

vm_info: Java HotSpot(TM) 64-Bit Server VM (17.0.6+9-LTS-190) for windows-amd64 JRE (17.0.6+9-LTS-190), built on Dec  6 2022 15:53:54 by "mach5one" with MS VC++ 17.1 (VS2022)

END.
