#
# There is insufficient memory for the Java Runtime Environment to continue.
# Native memory allocation (malloc) failed to allocate 2281152 bytes for Chunk::new
# Possible reasons:
#   The system is out of physical RAM or swap space
#   The process is running with CompressedOops enabled, and the Java Heap may be blocking the growth of the native heap
# Possible solutions:
#   Reduce memory load on the system
#   Increase physical memory or swap space
#   Check if swap backing store is full
#   Decrease Java heap size (-Xmx/-Xms)
#   Decrease number of Java threads
#   Decrease Java thread stack sizes (-Xss)
#   Set larger code cache with -XX:ReservedCodeCacheSize=
#   JVM is running with Unscaled Compressed Oops mode in which the Java heap is
#     placed in the first 4GB address space. The Java Heap base address is the
#     maximum limit for the native heap growth. Please use -XX:HeapBaseMinAddress
#     to set the Java Heap base and to place the Java Heap above 4GB virtual address.
# This output file may be truncated or incomplete.
#
#  Out of Memory Error (arena.cpp:189), pid=10144, tid=9112
#
# JRE version: Java(TM) SE Runtime Environment (17.0.6+9) (build 17.0.6+9-LTS-190)
# Java VM: Java HotSpot(TM) 64-Bit Server VM (17.0.6+9-LTS-190, mixed mode, sharing, tiered, compressed oops, compressed class ptrs, g1 gc, windows-amd64)
# No core dump will be written. Minidumps are not enabled by default on client versions of Windows
#

---------------  S U M M A R Y ------------

Command Line: -Dfile.encoding=UTF-8 -XX:+ShowCodeDetailsInExceptionMessages com.example.demo.DiplomskiBackendApplication

Host: Intel(R) Core(TM) i3-6006U CPU @ 2.00GHz, 4 cores, 3G,  Windows 10 , 64 bit Build 19041 (10.0.19041.3636)
Time: Sun Dec 17 00:23:30 2023 W. Europe Standard Time elapsed time: 18.613049 seconds (0d 0h 0m 18s)

---------------  T H R E A D  ---------------

Current thread (0x00000146c025cd60):  JavaThread "C2 CompilerThread0" daemon [_thread_in_native, id=9112, stack(0x0000001db2600000,0x0000001db2700000)]


Current CompileTask:
C2:  18613 4821   !   4       org.springframework.core.annotation.AnnotationsScanner::processMethodHierarchy (276 bytes)

Stack: [0x0000001db2600000,0x0000001db2700000]
Native frames: (J=compiled Java code, j=interpreted, Vv=VM code, C=native code)
V  [jvm.dll+0x6734ea]
V  [jvm.dll+0x7d18f4]
V  [jvm.dll+0x7d309e]
V  [jvm.dll+0x7d3703]
V  [jvm.dll+0x2433c5]
V  [jvm.dll+0xaa46b]
V  [jvm.dll+0xaaa0c]
V  [jvm.dll+0x35eb2e]
V  [jvm.dll+0x1b967a]
V  [jvm.dll+0x215f37]
V  [jvm.dll+0x215211]
V  [jvm.dll+0x1a1730]
V  [jvm.dll+0x224b6e]
V  [jvm.dll+0x222f15]
V  [jvm.dll+0x78753c]
V  [jvm.dll+0x781a7a]
V  [jvm.dll+0x672375]
C  [ucrtbase.dll+0x21bb2]
C  [KERNEL32.DLL+0x17344]
C  [ntdll.dll+0x526b1]


---------------  P R O C E S S  ---------------

Threads class SMR info:
_java_thread_list=0x00000146e28d68c0, length=30, elements={
0x00000146c0248560, 0x00000146c024a070, 0x00000146c0257e60, 0x00000146c025ad20,
0x00000146c025b6d0, 0x00000146c025c080, 0x00000146c025cd60, 0x00000146db3e02e0,
0x00000146db400f90, 0x00000146dc055850, 0x00000146dc0699e0, 0x00000146dd35b890,
0x00000146dcf31d50, 0x00000146dcf30540, 0x00000146dcf32bc0, 0x00000146dcf33090,
0x00000146dcf326f0, 0x00000146dcf33a30, 0x00000146dcf30070, 0x00000146dcf30ee0,
0x00000146dcf313b0, 0x00000146dcf31880, 0x00000146dfb186f0, 0x00000146dfb17d50,
0x00000146dfb16070, 0x00000146dfb1b240, 0x00000146dfb19560, 0x00000146dfb18220,
0x00000146dfb18bc0, 0x00000146dfb1b710
}

Java Threads: ( => current thread )
  0x00000146c0248560 JavaThread "Reference Handler" daemon [_thread_blocked, id=10824, stack(0x0000001db2000000,0x0000001db2100000)]
  0x00000146c024a070 JavaThread "Finalizer" daemon [_thread_blocked, id=3008, stack(0x0000001db2100000,0x0000001db2200000)]
  0x00000146c0257e60 JavaThread "Signal Dispatcher" daemon [_thread_blocked, id=6776, stack(0x0000001db2200000,0x0000001db2300000)]
  0x00000146c025ad20 JavaThread "Attach Listener" daemon [_thread_blocked, id=10604, stack(0x0000001db2300000,0x0000001db2400000)]
  0x00000146c025b6d0 JavaThread "Service Thread" daemon [_thread_blocked, id=3216, stack(0x0000001db2400000,0x0000001db2500000)]
  0x00000146c025c080 JavaThread "Monitor Deflation Thread" daemon [_thread_blocked, id=3364, stack(0x0000001db2500000,0x0000001db2600000)]
=>0x00000146c025cd60 JavaThread "C2 CompilerThread0" daemon [_thread_in_native, id=9112, stack(0x0000001db2600000,0x0000001db2700000)]
  0x00000146db3e02e0 JavaThread "C1 CompilerThread0" daemon [_thread_blocked, id=336, stack(0x0000001db2700000,0x0000001db2800000)]
  0x00000146db400f90 JavaThread "Sweeper thread" daemon [_thread_blocked, id=11188, stack(0x0000001db2800000,0x0000001db2900000)]
  0x00000146dc055850 JavaThread "Notification Thread" daemon [_thread_blocked, id=4376, stack(0x0000001db2900000,0x0000001db2a00000)]
  0x00000146dc0699e0 JavaThread "Common-Cleaner" daemon [_thread_blocked, id=1544, stack(0x0000001db2b00000,0x0000001db2c00000)]
  0x00000146dd35b890 JavaThread "C2 CompilerThread1" daemon [_thread_in_native, id=6852, stack(0x0000001db2f00000,0x0000001db3000000)]
  0x00000146dcf31d50 JavaThread "Catalina-utility-1" [_thread_blocked, id=3832, stack(0x0000001db3000000,0x0000001db3100000)]
  0x00000146dcf30540 JavaThread "Catalina-utility-2" [_thread_blocked, id=12704, stack(0x0000001db3100000,0x0000001db3200000)]
  0x00000146dcf32bc0 JavaThread "container-0" [_thread_blocked, id=13300, stack(0x0000001db3200000,0x0000001db3300000)]
  0x00000146dcf33090 JavaThread "PostgreSQL-JDBC-Cleaner" daemon [_thread_blocked, id=3768, stack(0x0000001db3400000,0x0000001db3500000)]
  0x00000146dcf326f0 JavaThread "HikariPool-1 housekeeper" daemon [_thread_blocked, id=12920, stack(0x0000001db3500000,0x0000001db3600000)]
  0x00000146dcf33a30 JavaThread "http-nio-8080-exec-1" daemon [_thread_blocked, id=9924, stack(0x0000001db3600000,0x0000001db3700000)]
  0x00000146dcf30070 JavaThread "http-nio-8080-exec-2" daemon [_thread_blocked, id=11040, stack(0x0000001db3700000,0x0000001db3800000)]
  0x00000146dcf30ee0 JavaThread "http-nio-8080-exec-3" daemon [_thread_blocked, id=7220, stack(0x0000001db3800000,0x0000001db3900000)]
  0x00000146dcf313b0 JavaThread "http-nio-8080-exec-4" daemon [_thread_blocked, id=8672, stack(0x0000001db3900000,0x0000001db3a00000)]
  0x00000146dcf31880 JavaThread "http-nio-8080-exec-5" daemon [_thread_blocked, id=10440, stack(0x0000001db3a00000,0x0000001db3b00000)]
  0x00000146dfb186f0 JavaThread "http-nio-8080-exec-6" daemon [_thread_blocked, id=7956, stack(0x0000001db3b00000,0x0000001db3c00000)]
  0x00000146dfb17d50 JavaThread "http-nio-8080-exec-7" daemon [_thread_blocked, id=7068, stack(0x0000001db3c00000,0x0000001db3d00000)]
  0x00000146dfb16070 JavaThread "http-nio-8080-exec-8" daemon [_thread_blocked, id=13248, stack(0x0000001db3d00000,0x0000001db3e00000)]
  0x00000146dfb1b240 JavaThread "http-nio-8080-exec-9" daemon [_thread_blocked, id=11272, stack(0x0000001db3e00000,0x0000001db3f00000)]
  0x00000146dfb19560 JavaThread "http-nio-8080-exec-10" daemon [_thread_blocked, id=1168, stack(0x0000001db3f00000,0x0000001db4000000)]
  0x00000146dfb18220 JavaThread "http-nio-8080-Poller" daemon [_thread_in_native, id=2820, stack(0x0000001db4000000,0x0000001db4100000)]
  0x00000146dfb18bc0 JavaThread "http-nio-8080-Acceptor" daemon [_thread_in_native, id=4980, stack(0x0000001db4100000,0x0000001db4200000)]
  0x00000146dfb1b710 JavaThread "DestroyJavaVM" [_thread_blocked, id=6472, stack(0x0000001db1900000,0x0000001db1a00000)]

Other Threads:
  0x00000146c0241900 VMThread "VM Thread" [stack: 0x0000001db1f00000,0x0000001db2000000] [id=12132]
  0x00000146dc05bd40 WatcherThread [stack: 0x0000001db2a00000,0x0000001db2b00000] [id=12108]
  0x00000146c01c7bc0 GCTaskThread "GC Thread#0" [stack: 0x0000001db1a00000,0x0000001db1b00000] [id=7244]
  0x00000146dc968000 GCTaskThread "GC Thread#1" [stack: 0x0000001db2c00000,0x0000001db2d00000] [id=11628]
  0x00000146dc9598b0 GCTaskThread "GC Thread#2" [stack: 0x0000001db2d00000,0x0000001db2e00000] [id=5036]
  0x00000146dc959b60 GCTaskThread "GC Thread#3" [stack: 0x0000001db2e00000,0x0000001db2f00000] [id=5368]
  0x00000146c01d0740 ConcurrentGCThread "G1 Main Marker" [stack: 0x0000001db1b00000,0x0000001db1c00000] [id=8524]
  0x00000146c01d18f0 ConcurrentGCThread "G1 Conc#0" [stack: 0x0000001db1c00000,0x0000001db1d00000] [id=6372]
  0x00000146c021ebc0 ConcurrentGCThread "G1 Refine#0" [stack: 0x0000001db1d00000,0x0000001db1e00000] [id=10960]
  0x00000146c021fec0 ConcurrentGCThread "G1 Service" [stack: 0x0000001db1e00000,0x0000001db1f00000] [id=7580]

Threads with active compile tasks:
C2 CompilerThread0    18669 4821   !   4       org.springframework.core.annotation.AnnotationsScanner::processMethodHierarchy (276 bytes)
C2 CompilerThread1    18669 5650       4       org.springframework.core.annotation.AnnotationsScanner::getBaseTypeMethods (145 bytes)

VM state: not at safepoint (normal execution)

VM Mutex/Monitor currently owned by a thread: None

Heap address: 0x00000000c1e00000, size: 994 MB, Compressed Oops mode: 32-bit

CDS archive(s) mapped at: [0x0000000800000000-0x0000000800bd0000-0x0000000800bd0000), size 12386304, SharedBaseAddress: 0x0000000800000000, ArchiveRelocationMode: 0.
Compressed class space mapped at: 0x0000000800c00000-0x0000000840c00000, reserved size: 1073741824
Narrow klass base: 0x0000000800000000, Narrow klass shift: 0, Narrow klass range: 0x100000000

GC Precious Log:
 CPUs: 4 total, 4 available
 Memory: 3970M
 Large Page Support: Disabled
 NUMA Support: Disabled
 Compressed Oops: Enabled (32-bit)
 Heap Region Size: 1M
 Heap Min Capacity: 8M
 Heap Initial Capacity: 64M
 Heap Max Capacity: 994M
 Pre-touch: Disabled
 Parallel Workers: 4
 Concurrent Workers: 1
 Concurrent Refinement Workers: 4
 Periodic GC: Disabled

Heap:
 garbage-first heap   total 60416K, used 40076K [0x00000000c1e00000, 0x0000000100000000)
  region size 1024K, 15 young (15360K), 3 survivors (3072K)
 Metaspace       used 63222K, committed 63808K, reserved 1105920K
  class space    used 8935K, committed 9216K, reserved 1048576K

Heap Regions: E=young(eden), S=young(survivor), O=old, HS=humongous(starts), HC=humongous(continues), CS=collection set, F=free, OA=open archive, CA=closed archive, TAMS=top-at-mark-start (previous, next)
|   0|0x00000000c1e00000, 0x00000000c1f00000, 0x00000000c1f00000|100%|HS|  |TAMS 0x00000000c1f00000, 0x00000000c1e00000| Complete 
|   1|0x00000000c1f00000, 0x00000000c2000000, 0x00000000c2000000|100%| O|  |TAMS 0x00000000c2000000, 0x00000000c1f00000| Untracked 
|   2|0x00000000c2000000, 0x00000000c2100000, 0x00000000c2100000|100%| O|  |TAMS 0x00000000c2100000, 0x00000000c2000000| Untracked 
|   3|0x00000000c2100000, 0x00000000c2200000, 0x00000000c2200000|100%| O|  |TAMS 0x00000000c2200000, 0x00000000c2100000| Untracked 
|   4|0x00000000c2200000, 0x00000000c2300000, 0x00000000c2300000|100%| O|  |TAMS 0x00000000c2300000, 0x00000000c2200000| Untracked 
|   5|0x00000000c2300000, 0x00000000c2400000, 0x00000000c2400000|100%| O|  |TAMS 0x00000000c2400000, 0x00000000c2300000| Untracked 
|   6|0x00000000c2400000, 0x00000000c2500000, 0x00000000c2500000|100%| O|  |TAMS 0x00000000c2500000, 0x00000000c2400000| Untracked 
|   7|0x00000000c2500000, 0x00000000c2600000, 0x00000000c2600000|100%| O|  |TAMS 0x00000000c2600000, 0x00000000c2500000| Untracked 
|   8|0x00000000c2600000, 0x00000000c2700000, 0x00000000c2700000|100%| O|  |TAMS 0x00000000c2700000, 0x00000000c2600000| Untracked 
|   9|0x00000000c2700000, 0x00000000c2800000, 0x00000000c2800000|100%| O|  |TAMS 0x00000000c2800000, 0x00000000c2700000| Untracked 
|  10|0x00000000c2800000, 0x00000000c2900000, 0x00000000c2900000|100%| O|  |TAMS 0x00000000c2900000, 0x00000000c2800000| Untracked 
|  11|0x00000000c2900000, 0x00000000c295da00, 0x00000000c2a00000| 36%| O|  |TAMS 0x00000000c295da00, 0x00000000c2900000| Untracked 
|  12|0x00000000c2a00000, 0x00000000c2b00000, 0x00000000c2b00000|100%| O|  |TAMS 0x00000000c2b00000, 0x00000000c2a00000| Untracked 
|  13|0x00000000c2b00000, 0x00000000c2c00000, 0x00000000c2c00000|100%| O|  |TAMS 0x00000000c2c00000, 0x00000000c2b00000| Untracked 
|  14|0x00000000c2c00000, 0x00000000c2d00000, 0x00000000c2d00000|100%| O|  |TAMS 0x00000000c2d00000, 0x00000000c2c00000| Untracked 
|  15|0x00000000c2d00000, 0x00000000c2e00000, 0x00000000c2e00000|100%| O|  |TAMS 0x00000000c2e00000, 0x00000000c2d00000| Untracked 
|  16|0x00000000c2e00000, 0x00000000c2f00000, 0x00000000c2f00000|100%| O|  |TAMS 0x00000000c2f00000, 0x00000000c2e00000| Untracked 
|  17|0x00000000c2f00000, 0x00000000c3000000, 0x00000000c3000000|100%| O|  |TAMS 0x00000000c3000000, 0x00000000c2f00000| Untracked 
|  18|0x00000000c3000000, 0x00000000c3100000, 0x00000000c3100000|100%| O|  |TAMS 0x00000000c3100000, 0x00000000c3000000| Untracked 
|  19|0x00000000c3100000, 0x00000000c3200000, 0x00000000c3200000|100%| O|  |TAMS 0x00000000c3200000, 0x00000000c3100000| Untracked 
|  20|0x00000000c3200000, 0x00000000c3300000, 0x00000000c3300000|100%| O|  |TAMS 0x00000000c3300000, 0x00000000c3200000| Untracked 
|  21|0x00000000c3300000, 0x00000000c3400000, 0x00000000c3400000|100%| O|  |TAMS 0x00000000c3400000, 0x00000000c3300000| Untracked 
|  22|0x00000000c3400000, 0x00000000c3500000, 0x00000000c3500000|100%| O|  |TAMS 0x00000000c3500000, 0x00000000c3400000| Untracked 
|  23|0x00000000c3500000, 0x00000000c3600000, 0x00000000c3600000|100%| O|  |TAMS 0x00000000c3600000, 0x00000000c3500000| Untracked 
|  24|0x00000000c3600000, 0x00000000c3700000, 0x00000000c3700000|100%| O|  |TAMS 0x00000000c3700000, 0x00000000c3600000| Untracked 
|  25|0x00000000c3700000, 0x00000000c3800000, 0x00000000c3800000|100%| O|  |TAMS 0x00000000c3800000, 0x00000000c3700000| Untracked 
|  26|0x00000000c3800000, 0x00000000c388a800, 0x00000000c3900000| 54%| O|  |TAMS 0x00000000c388a800, 0x00000000c3800000| Untracked 
|  27|0x00000000c3900000, 0x00000000c3900000, 0x00000000c3a00000|  0%| F|  |TAMS 0x00000000c3900000, 0x00000000c3900000| Untracked 
|  28|0x00000000c3a00000, 0x00000000c3a00000, 0x00000000c3b00000|  0%| F|  |TAMS 0x00000000c3a00000, 0x00000000c3a00000| Untracked 
|  29|0x00000000c3b00000, 0x00000000c3b00000, 0x00000000c3c00000|  0%| F|  |TAMS 0x00000000c3b00000, 0x00000000c3b00000| Untracked 
|  30|0x00000000c3c00000, 0x00000000c3c00000, 0x00000000c3d00000|  0%| F|  |TAMS 0x00000000c3c00000, 0x00000000c3c00000| Untracked 
|  31|0x00000000c3d00000, 0x00000000c3d00000, 0x00000000c3e00000|  0%| F|  |TAMS 0x00000000c3d00000, 0x00000000c3d00000| Untracked 
|  32|0x00000000c3e00000, 0x00000000c3e00000, 0x00000000c3f00000|  0%| F|  |TAMS 0x00000000c3e00000, 0x00000000c3e00000| Untracked 
|  33|0x00000000c3f00000, 0x00000000c3f00000, 0x00000000c4000000|  0%| F|  |TAMS 0x00000000c3f00000, 0x00000000c3f00000| Untracked 
|  34|0x00000000c4000000, 0x00000000c4000000, 0x00000000c4100000|  0%| F|  |TAMS 0x00000000c4000000, 0x00000000c4000000| Untracked 
|  35|0x00000000c4100000, 0x00000000c413af78, 0x00000000c4200000| 23%| S|CS|TAMS 0x00000000c4100000, 0x00000000c4100000| Complete 
|  36|0x00000000c4200000, 0x00000000c4300000, 0x00000000c4300000|100%| S|CS|TAMS 0x00000000c4200000, 0x00000000c4200000| Complete 
|  37|0x00000000c4300000, 0x00000000c4400000, 0x00000000c4400000|100%| S|CS|TAMS 0x00000000c4300000, 0x00000000c4300000| Complete 
|  38|0x00000000c4400000, 0x00000000c4400000, 0x00000000c4500000|  0%| F|  |TAMS 0x00000000c4400000, 0x00000000c4400000| Untracked 
|  39|0x00000000c4500000, 0x00000000c4500000, 0x00000000c4600000|  0%| F|  |TAMS 0x00000000c4500000, 0x00000000c4500000| Untracked 
|  40|0x00000000c4600000, 0x00000000c4600000, 0x00000000c4700000|  0%| F|  |TAMS 0x00000000c4600000, 0x00000000c4600000| Untracked 
|  41|0x00000000c4700000, 0x00000000c4700000, 0x00000000c4800000|  0%| F|  |TAMS 0x00000000c4700000, 0x00000000c4700000| Untracked 
|  42|0x00000000c4800000, 0x00000000c4800000, 0x00000000c4900000|  0%| F|  |TAMS 0x00000000c4800000, 0x00000000c4800000| Untracked 
|  43|0x00000000c4900000, 0x00000000c4900000, 0x00000000c4a00000|  0%| F|  |TAMS 0x00000000c4900000, 0x00000000c4900000| Untracked 
|  44|0x00000000c4a00000, 0x00000000c4a00000, 0x00000000c4b00000|  0%| F|  |TAMS 0x00000000c4a00000, 0x00000000c4a00000| Untracked 
|  45|0x00000000c4b00000, 0x00000000c4b00000, 0x00000000c4c00000|  0%| F|  |TAMS 0x00000000c4b00000, 0x00000000c4b00000| Untracked 
|  46|0x00000000c4c00000, 0x00000000c4c00000, 0x00000000c4d00000|  0%| F|  |TAMS 0x00000000c4c00000, 0x00000000c4c00000| Untracked 
|  47|0x00000000c4d00000, 0x00000000c4da1cd8, 0x00000000c4e00000| 63%| E|  |TAMS 0x00000000c4d00000, 0x00000000c4d00000| Complete 
|  48|0x00000000c4e00000, 0x00000000c4f00000, 0x00000000c4f00000|100%| E|CS|TAMS 0x00000000c4e00000, 0x00000000c4e00000| Complete 
|  49|0x00000000c4f00000, 0x00000000c5000000, 0x00000000c5000000|100%| E|CS|TAMS 0x00000000c4f00000, 0x00000000c4f00000| Complete 
|  50|0x00000000c5000000, 0x00000000c5100000, 0x00000000c5100000|100%| E|CS|TAMS 0x00000000c5000000, 0x00000000c5000000| Complete 
|  51|0x00000000c5100000, 0x00000000c5200000, 0x00000000c5200000|100%| E|CS|TAMS 0x00000000c5100000, 0x00000000c5100000| Complete 
|  52|0x00000000c5200000, 0x00000000c5300000, 0x00000000c5300000|100%| E|CS|TAMS 0x00000000c5200000, 0x00000000c5200000| Complete 
|  53|0x00000000c5300000, 0x00000000c5400000, 0x00000000c5400000|100%| E|CS|TAMS 0x00000000c5300000, 0x00000000c5300000| Complete 
|  54|0x00000000c5400000, 0x00000000c5500000, 0x00000000c5500000|100%| E|CS|TAMS 0x00000000c5400000, 0x00000000c5400000| Complete 
|  55|0x00000000c5500000, 0x00000000c5600000, 0x00000000c5600000|100%| E|CS|TAMS 0x00000000c5500000, 0x00000000c5500000| Complete 
|  56|0x00000000c5600000, 0x00000000c5700000, 0x00000000c5700000|100%| E|CS|TAMS 0x00000000c5600000, 0x00000000c5600000| Complete 
|  57|0x00000000c5700000, 0x00000000c5800000, 0x00000000c5800000|100%| E|CS|TAMS 0x00000000c5700000, 0x00000000c5700000| Complete 
|  63|0x00000000c5d00000, 0x00000000c5e00000, 0x00000000c5e00000|100%| E|CS|TAMS 0x00000000c5d00000, 0x00000000c5d00000| Complete 

Card table byte_map: [0x00000146d6c10000,0x00000146d6e10000] _byte_map_base: 0x00000146d6601000

Marking Bits (Prev, Next): (CMBitMap*) 0x00000146c01c8210, (CMBitMap*) 0x00000146c01c81d0
 Prev Bits: [0x00000146d7fa0000, 0x00000146d8f28000)
 Next Bits: [0x00000146d7010000, 0x00000146d7f98000)

Polling page: 0x00000146bf960000

Metaspace:

Usage:
  Non-class:     53.01 MB used.
      Class:      8.73 MB used.
       Both:     61.74 MB used.

Virtual space:
  Non-class space:       56.00 MB reserved,      53.31 MB ( 95%) committed,  7 nodes.
      Class space:        1.00 GB reserved,       9.00 MB ( <1%) committed,  1 nodes.
             Both:        1.05 GB reserved,      62.31 MB (  6%) committed. 

Chunk freelists:
   Non-Class:  2.59 MB
       Class:  3.05 MB
        Both:  5.64 MB

MaxMetaspaceSize: unlimited
CompressedClassSpaceSize: 1.00 GB
Initial GC threshold: 21.00 MB
Current GC threshold: 101.88 MB
CDS: on
MetaspaceReclaimPolicy: balanced
 - commit_granule_bytes: 65536.
 - commit_granule_words: 8192.
 - virtual_space_node_default_size: 1048576.
 - enlarge_chunks_in_place: 1.
 - new_chunks_are_fully_committed: 0.
 - uncommit_free_chunks: 1.
 - use_allocation_guard: 0.
 - handle_deallocations: 1.


Internal statistics:

num_allocs_failed_limit: 6.
num_arena_births: 696.
num_arena_deaths: 0.
num_vsnodes_births: 8.
num_vsnodes_deaths: 0.
num_space_committed: 997.
num_space_uncommitted: 0.
num_chunks_returned_to_freelist: 6.
num_chunks_taken_from_freelist: 2998.
num_chunk_merges: 3.
num_chunk_splits: 2186.
num_chunks_enlarged: 1740.
num_purges: 0.
num_inconsistent_stats: 0.

CodeHeap 'non-profiled nmethods': size=120000Kb used=2660Kb max_used=2988Kb free=117339Kb
 bounds [0x00000146cf4e0000, 0x00000146cf7e0000, 0x00000146d6a10000]
CodeHeap 'profiled nmethods': size=120000Kb used=8909Kb max_used=10332Kb free=111090Kb
 bounds [0x00000146c7a10000, 0x00000146c8430000, 0x00000146cef40000]
CodeHeap 'non-nmethods': size=5760Kb used=1314Kb max_used=1409Kb free=4445Kb
 bounds [0x00000146cef40000, 0x00000146cf1b0000, 0x00000146cf4e0000]
 total_blobs=5432 nmethods=4788 adapters=556
 compilation: enabled
              stopped_count=0, restarted_count=0
 full_count=0

Compilation events (20 events):
Event: 18.541 Thread 0x00000146db3e02e0 5686 %     3       java.util.TreeMap::forEach @ 15 (58 bytes)
Event: 18.542 Thread 0x00000146db3e02e0 nmethod 5686% 0x00000146c839d290 code [0x00000146c839d4a0, 0x00000146c839dbd8]
Event: 18.542 Thread 0x00000146db3e02e0 5687       2       org.springframework.boot.autoconfigure.condition.ConditionEvaluationReport$$Lambda$1376/0x00000008014f6130::accept (16 bytes)
Event: 18.544 Thread 0x00000146db3e02e0 nmethod 5687 0x00000146c7b5ff90 code [0x00000146c7b60200, 0x00000146c7b60848]
Event: 18.544 Thread 0x00000146db3e02e0 5688       2       org.springframework.boot.autoconfigure.condition.ConditionEvaluationReport$ConditionAndOutcomes::iterator (13 bytes)
Event: 18.545 Thread 0x00000146db3e02e0 nmethod 5688 0x00000146c7b5f990 code [0x00000146c7b5fb40, 0x00000146c7b5fe18]
Event: 18.549 Thread 0x00000146db3e02e0 5689       2       jdk.internal.math.FDBigInteger::mult (64 bytes)
Event: 18.550 Thread 0x00000146db3e02e0 nmethod 5689 0x00000146c7fd5690 code [0x00000146c7fd5840, 0x00000146c7fd5a78]
Event: 18.550 Thread 0x00000146db3e02e0 5690       2       jdk.internal.math.FDBigInteger::<init> (30 bytes)
Event: 18.550 Thread 0x00000146db3e02e0 nmethod 5690 0x00000146c839ce90 code [0x00000146c839d040, 0x00000146c839d1c8]
Event: 18.550 Thread 0x00000146db3e02e0 5691       2       jdk.internal.math.FDBigInteger::trimLeadingZeros (57 bytes)
Event: 18.550 Thread 0x00000146db3e02e0 nmethod 5691 0x00000146c8124090 code [0x00000146c8124220, 0x00000146c81243f8]
Event: 18.550 Thread 0x00000146db3e02e0 5692       2       jdk.internal.math.FDBigInteger::mult (44 bytes)
Event: 18.551 Thread 0x00000146db3e02e0 nmethod 5692 0x00000146c8123a10 code [0x00000146c8123bc0, 0x00000146c8123ed8]
Event: 18.553 Thread 0x00000146db3e02e0 5693       1       sun.reflect.generics.scope.AbstractScope::getRecvr (5 bytes)
Event: 18.553 Thread 0x00000146db3e02e0 nmethod 5693 0x00000146cf539210 code [0x00000146cf5393a0, 0x00000146cf539478]
Event: 18.553 Thread 0x00000146db3e02e0 5694       2       sun.reflect.generics.reflectiveObjects.WildcardTypeImpl::getUpperBounds (34 bytes)
Event: 18.554 Thread 0x00000146db3e02e0 nmethod 5694 0x00000146c7b91d90 code [0x00000146c7b91f40, 0x00000146c7b92218]
Event: 18.554 Thread 0x00000146db3e02e0 5695       2       java.util.Arrays::sort (47 bytes)
Event: 18.554 Thread 0x00000146db3e02e0 nmethod 5695 0x00000146c7b91910 code [0x00000146c7b91ac0, 0x00000146c7b91c88]

GC Heap History (20 events):
Event: 13.214 GC heap before
{Heap before GC invocations=10 (full 0):
 garbage-first heap   total 51200K, used 38496K [0x00000000c1e00000, 0x0000000100000000)
  region size 1024K, 21 young (21504K), 2 survivors (2048K)
 Metaspace       used 40251K, committed 40704K, reserved 1089536K
  class space    used 5287K, committed 5504K, reserved 1048576K
}
Event: 13.223 GC heap after
{Heap after GC invocations=11 (full 0):
 garbage-first heap   total 51200K, used 20295K [0x00000000c1e00000, 0x0000000100000000)
  region size 1024K, 3 young (3072K), 3 survivors (3072K)
 Metaspace       used 40251K, committed 40704K, reserved 1089536K
  class space    used 5287K, committed 5504K, reserved 1048576K
}
Event: 14.060 GC heap before
{Heap before GC invocations=11 (full 0):
 garbage-first heap   total 51200K, used 36679K [0x00000000c1e00000, 0x0000000100000000)
  region size 1024K, 20 young (20480K), 3 survivors (3072K)
 Metaspace       used 45753K, committed 46208K, reserved 1089536K
  class space    used 6170K, committed 6400K, reserved 1048576K
}
Event: 14.068 GC heap after
{Heap after GC invocations=12 (full 0):
 garbage-first heap   total 51200K, used 21320K [0x00000000c1e00000, 0x0000000100000000)
  region size 1024K, 3 young (3072K), 3 survivors (3072K)
 Metaspace       used 45753K, committed 46208K, reserved 1089536K
  class space    used 6170K, committed 6400K, reserved 1048576K
}
Event: 14.814 GC heap before
{Heap before GC invocations=12 (full 0):
 garbage-first heap   total 51200K, used 37704K [0x00000000c1e00000, 0x0000000100000000)
  region size 1024K, 20 young (20480K), 3 survivors (3072K)
 Metaspace       used 49514K, committed 49984K, reserved 1097728K
  class space    used 6756K, committed 6976K, reserved 1048576K
}
Event: 14.821 GC heap after
{Heap after GC invocations=13 (full 0):
 garbage-first heap   total 51200K, used 21924K [0x00000000c1e00000, 0x0000000100000000)
  region size 1024K, 2 young (2048K), 2 survivors (2048K)
 Metaspace       used 49514K, committed 49984K, reserved 1097728K
  class space    used 6756K, committed 6976K, reserved 1048576K
}
Event: 15.631 GC heap before
{Heap before GC invocations=13 (full 0):
 garbage-first heap   total 51200K, used 40356K [0x00000000c1e00000, 0x0000000100000000)
  region size 1024K, 20 young (20480K), 2 survivors (2048K)
 Metaspace       used 53305K, committed 53824K, reserved 1097728K
  class space    used 7284K, committed 7552K, reserved 1048576K
}
Event: 15.639 GC heap after
{Heap after GC invocations=14 (full 0):
 garbage-first heap   total 51200K, used 23398K [0x00000000c1e00000, 0x0000000100000000)
  region size 1024K, 3 young (3072K), 3 survivors (3072K)
 Metaspace       used 53305K, committed 53824K, reserved 1097728K
  class space    used 7284K, committed 7552K, reserved 1048576K
}
Event: 16.077 GC heap before
{Heap before GC invocations=14 (full 0):
 garbage-first heap   total 51200K, used 40806K [0x00000000c1e00000, 0x0000000100000000)
  region size 1024K, 20 young (20480K), 3 survivors (3072K)
 Metaspace       used 55286K, committed 55744K, reserved 1097728K
  class space    used 7666K, committed 7872K, reserved 1048576K
}
Event: 16.087 GC heap after
{Heap after GC invocations=15 (full 0):
 garbage-first heap   total 51200K, used 24349K [0x00000000c1e00000, 0x0000000100000000)
  region size 1024K, 2 young (2048K), 2 survivors (2048K)
 Metaspace       used 55286K, committed 55744K, reserved 1097728K
  class space    used 7666K, committed 7872K, reserved 1048576K
}
Event: 16.588 GC heap before
{Heap before GC invocations=15 (full 0):
 garbage-first heap   total 51200K, used 38685K [0x00000000c1e00000, 0x0000000100000000)
  region size 1024K, 17 young (17408K), 2 survivors (2048K)
 Metaspace       used 58401K, committed 58880K, reserved 1105920K
  class space    used 8219K, committed 8448K, reserved 1048576K
}
Event: 16.594 GC heap after
{Heap after GC invocations=16 (full 0):
 garbage-first heap   total 51200K, used 25892K [0x00000000c1e00000, 0x0000000100000000)
  region size 1024K, 3 young (3072K), 3 survivors (3072K)
 Metaspace       used 58401K, committed 58880K, reserved 1105920K
  class space    used 8219K, committed 8448K, reserved 1048576K
}
Event: 16.880 GC heap before
{Heap before GC invocations=17 (full 0):
 garbage-first heap   total 51200K, used 40228K [0x00000000c1e00000, 0x0000000100000000)
  region size 1024K, 17 young (17408K), 3 survivors (3072K)
 Metaspace       used 58870K, committed 59392K, reserved 1105920K
  class space    used 8271K, committed 8512K, reserved 1048576K
}
Event: 16.888 GC heap after
{Heap after GC invocations=18 (full 0):
 garbage-first heap   total 51200K, used 26498K [0x00000000c1e00000, 0x0000000100000000)
  region size 1024K, 1 young (1024K), 1 survivors (1024K)
 Metaspace       used 58870K, committed 59392K, reserved 1105920K
  class space    used 8271K, committed 8512K, reserved 1048576K
}
Event: 17.005 GC heap before
{Heap before GC invocations=18 (full 0):
 garbage-first heap   total 51200K, used 40834K [0x00000000c1e00000, 0x0000000100000000)
  region size 1024K, 15 young (15360K), 1 survivors (1024K)
 Metaspace       used 58886K, committed 59392K, reserved 1105920K
  class space    used 8273K, committed 8512K, reserved 1048576K
}
Event: 17.009 GC heap after
{Heap after GC invocations=19 (full 0):
 garbage-first heap   total 51200K, used 27207K [0x00000000c1e00000, 0x0000000100000000)
  region size 1024K, 2 young (2048K), 2 survivors (2048K)
 Metaspace       used 58886K, committed 59392K, reserved 1105920K
  class space    used 8273K, committed 8512K, reserved 1048576K
}
Event: 17.261 GC heap before
{Heap before GC invocations=20 (full 0):
 garbage-first heap   total 60416K, used 40519K [0x00000000c1e00000, 0x0000000100000000)
  region size 1024K, 15 young (15360K), 2 survivors (2048K)
 Metaspace       used 59034K, committed 59584K, reserved 1105920K
  class space    used 8316K, committed 8576K, reserved 1048576K
}
Event: 17.267 GC heap after
{Heap after GC invocations=21 (full 0):
 garbage-first heap   total 60416K, used 27147K [0x00000000c1e00000, 0x0000000100000000)
  region size 1024K, 1 young (1024K), 1 survivors (1024K)
 Metaspace       used 59034K, committed 59584K, reserved 1105920K
  class space    used 8316K, committed 8576K, reserved 1048576K
}
Event: 18.084 GC heap before
{Heap before GC invocations=21 (full 0):
 garbage-first heap   total 60416K, used 47627K [0x00000000c1e00000, 0x0000000100000000)
  region size 1024K, 21 young (21504K), 1 survivors (1024K)
 Metaspace       used 61748K, committed 62272K, reserved 1105920K
  class space    used 8741K, committed 8960K, reserved 1048576K
}
Event: 18.090 GC heap after
{Heap after GC invocations=22 (full 0):
 garbage-first heap   total 60416K, used 28812K [0x00000000c1e00000, 0x0000000100000000)
  region size 1024K, 3 young (3072K), 3 survivors (3072K)
 Metaspace       used 61748K, committed 62272K, reserved 1105920K
  class space    used 8741K, committed 8960K, reserved 1048576K
}

Deoptimization events (20 events):
Event: 18.329 Thread 0x00000146c018c1b0 Uncommon trap: trap_request=0xffffff45 fr.pc=0x00000146cf689310 relative=0x0000000000000f70
Event: 18.329 Thread 0x00000146c018c1b0 Uncommon trap: reason=unstable_if action=reinterpret pc=0x00000146cf689310 method=org.springframework.beans.factory.support.DefaultSingletonBeanRegistry.getSingleton(Ljava/lang/String;Z)Ljava/lang/Object; @ 39 c2
Event: 18.329 Thread 0x00000146c018c1b0 DEOPT PACKING pc=0x00000146cf689310 sp=0x0000001db19fe0a0
Event: 18.329 Thread 0x00000146c018c1b0 DEOPT UNPACKING pc=0x00000146cef923a3 sp=0x0000001db19fe038 mode 2
Event: 18.329 Thread 0x00000146c018c1b0 Uncommon trap: trap_request=0xffffff45 fr.pc=0x00000146cf753110 relative=0x0000000000000730
Event: 18.329 Thread 0x00000146c018c1b0 Uncommon trap: reason=unstable_if action=reinterpret pc=0x00000146cf753110 method=java.util.Collections$SetFromMap.add(Ljava/lang/Object;)Z @ 13 c2
Event: 18.329 Thread 0x00000146c018c1b0 DEOPT PACKING pc=0x00000146cf753110 sp=0x0000001db19fdf20
Event: 18.329 Thread 0x00000146c018c1b0 DEOPT UNPACKING pc=0x00000146cef923a3 sp=0x0000001db19fdf20 mode 2
Event: 18.354 Thread 0x00000146c018c1b0 Uncommon trap: trap_request=0xffffffde fr.pc=0x00000146cf54ed80 relative=0x0000000000000140
Event: 18.354 Thread 0x00000146c018c1b0 Uncommon trap: reason=class_check action=maybe_recompile pc=0x00000146cf54ed80 method=org.springframework.boot.context.properties.source.ConfigurationPropertyName$Elements.charAt(II)C @ 43 c2
Event: 18.354 Thread 0x00000146c018c1b0 DEOPT PACKING pc=0x00000146cf54ed80 sp=0x0000001db19fac30
Event: 18.354 Thread 0x00000146c018c1b0 DEOPT UNPACKING pc=0x00000146cef923a3 sp=0x0000001db19faba8 mode 2
Event: 18.354 Thread 0x00000146c018c1b0 Uncommon trap: trap_request=0xffffffde fr.pc=0x00000146cf54ed80 relative=0x0000000000000140
Event: 18.354 Thread 0x00000146c018c1b0 Uncommon trap: reason=class_check action=maybe_recompile pc=0x00000146cf54ed80 method=org.springframework.boot.context.properties.source.ConfigurationPropertyName$Elements.charAt(II)C @ 43 c2
Event: 18.354 Thread 0x00000146c018c1b0 DEOPT PACKING pc=0x00000146cf54ed80 sp=0x0000001db19fac30
Event: 18.354 Thread 0x00000146c018c1b0 DEOPT UNPACKING pc=0x00000146cef923a3 sp=0x0000001db19faba8 mode 2
Event: 18.372 Thread 0x00000146c018c1b0 Uncommon trap: trap_request=0xfffffff4 fr.pc=0x00000146cf5efed8 relative=0x0000000000000238
Event: 18.372 Thread 0x00000146c018c1b0 Uncommon trap: reason=null_check action=make_not_entrant pc=0x00000146cf5efed8 method=org.springframework.util.ClassUtils.isAssignable(Ljava/lang/Class;Ljava/lang/Class;)Z @ 14 c2
Event: 18.372 Thread 0x00000146c018c1b0 DEOPT PACKING pc=0x00000146cf5efed8 sp=0x0000001db19fe4e0
Event: 18.372 Thread 0x00000146c018c1b0 DEOPT UNPACKING pc=0x00000146cef923a3 sp=0x0000001db19fe470 mode 2

Classes unloaded (0 events):
No events

Classes redefined (0 events):
No events

Internal exceptions (20 events):
Event: 14.837 Thread 0x00000146c018c1b0 Exception <a 'java/lang/NoSuchMethodError'{0x00000000c5d574e8}: 'java.lang.Object java.lang.invoke.DirectMethodHandle$Holder.newInvokeSpecial(java.lang.Object, java.lang.Object, int, java.lang.Object, int, java.lang.Object, java.lang.Object)'> (0x00000000c5d574e8) 
thrown [s\open\src\hotspot\share\interpreter\linkResolver.cpp, line 759]
Event: 14.853 Thread 0x00000146c018c1b0 Exception <a 'java/lang/NoSuchMethodError'{0x00000000c5df56a8}: 'java.lang.Object java.lang.invoke.DirectMethodHandle$Holder.newInvokeSpecial(java.lang.Object, java.lang.Object, java.lang.Object, java.lang.Object, java.lang.Object, java.lang.Object, java.lang.Object, int)'> (0x00000000c5df56a8) 
thrown [s\open\src\hotspot\share\interpreter\linkResolver.cpp, line 759]
Event: 14.854 Thread 0x00000146c018c1b0 Exception <a 'java/lang/NoSuchMethodError'{0x00000000c5dfa6a0}: 'java.lang.Object java.lang.invoke.DirectMethodHandle$Holder.invokeSpecial(java.lang.Object, java.lang.Object, java.lang.Object, java.lang.Object, java.lang.Object, java.lang.Object, java.lang.Object, java.lang.Object, int)'> (0x00000000c5dfa6a0) 
thrown [s\open\src\hotspot\share\interpreter\linkResolver.cpp, line 759]
Event: 14.914 Thread 0x00000146c018c1b0 Exception <a 'java/lang/NoSuchMethodError'{0x00000000c4d49f58}: 'void java.lang.invoke.DirectMethodHandle$Holder.invokeInterface(java.lang.Object, java.lang.Object)'> (0x00000000c4d49f58) 
thrown [s\open\src\hotspot\share\interpreter\linkResolver.cpp, line 759]
Event: 15.285 Thread 0x00000146c018c1b0 Exception <a 'java/lang/IncompatibleClassChangeError'{0x00000000c4518b10}: Found class java.lang.Object, but interface was expected> (0x00000000c4518b10) 
thrown [s\open\src\hotspot\share\interpreter\linkResolver.cpp, line 826]
Event: 15.304 Thread 0x00000146c018c1b0 Exception <a 'java/lang/IncompatibleClassChangeError'{0x00000000c4595790}: Found class java.lang.Object, but interface was expected> (0x00000000c4595790) 
thrown [s\open\src\hotspot\share\interpreter\linkResolver.cpp, line 826]
Event: 15.375 Thread 0x00000146c018c1b0 Exception <a 'java/lang/IncompatibleClassChangeError'{0x00000000c430a4f0}: Found class java.lang.Object, but interface was expected> (0x00000000c430a4f0) 
thrown [s\open\src\hotspot\share\interpreter\linkResolver.cpp, line 826]
Event: 15.676 Thread 0x00000146c018c1b0 Exception <a 'java/lang/IncompatibleClassChangeError'{0x00000000c4e68708}: Found class java.lang.Object, but interface was expected> (0x00000000c4e68708) 
thrown [s\open\src\hotspot\share\interpreter\linkResolver.cpp, line 826]
Event: 16.236 Thread 0x00000146c018c1b0 Exception <a 'java/lang/reflect/InvocationTargetException'{0x00000000c4cc4470}> (0x00000000c4cc4470) 
thrown [s\open\src\hotspot\share\runtime\reflection.cpp, line 1121]
Event: 16.496 Thread 0x00000146c018c1b0 Exception <a 'java/lang/NoSuchMethodError'{0x00000000c43e1c00}: 'int java.lang.invoke.DirectMethodHandle$Holder.invokeStatic(java.lang.Object)'> (0x00000000c43e1c00) 
thrown [s\open\src\hotspot\share\interpreter\linkResolver.cpp, line 759]
Event: 16.666 Thread 0x00000146c018c1b0 Exception <a 'java/lang/reflect/InvocationTargetException'{0x00000000c4e13140}> (0x00000000c4e13140) 
thrown [s\open\src\hotspot\share\runtime\reflection.cpp, line 1121]
Event: 16.943 Thread 0x00000146c018c1b0 Exception <a 'java/lang/reflect/InvocationTargetException'{0x00000000c4a7e068}> (0x00000000c4a7e068) 
thrown [s\open\src\hotspot\share\runtime\reflection.cpp, line 1121]
Event: 17.382 Thread 0x00000146c018c1b0 Implicit null exception at 0x00000146cf5ef346 to 0x00000146cf5ef753
Event: 17.857 Thread 0x00000146c018c1b0 Exception <a 'java/lang/IncompatibleClassChangeError'{0x00000000c49b1378}: Found class java.lang.Object, but interface was expected> (0x00000000c49b1378) 
thrown [s\open\src\hotspot\share\interpreter\linkResolver.cpp, line 826]
Event: 18.146 Thread 0x00000146c018c1b0 Exception <a 'java/lang/NoSuchMethodError'{0x00000000c5deefd0}: 'void java.lang.invoke.DirectMethodHandle$Holder.invokeVirtual(java.lang.Object, java.lang.Object, long)'> (0x00000000c5deefd0) 
thrown [s\open\src\hotspot\share\interpreter\linkResolver.cpp, line 759]
Event: 18.372 Thread 0x00000146c018c1b0 Implicit null exception at 0x00000146cf5efcc0 to 0x00000146cf5efec4
Event: 18.465 Thread 0x00000146c018c1b0 Exception <a 'java/lang/NoSuchMethodError'{0x00000000c509dda8}: 'java.lang.Object java.lang.invoke.DirectMethodHandle$Holder.newInvokeSpecial(java.lang.Object, java.lang.Object, int, java.lang.Object, java.lang.Object)'> (0x00000000c509dda8) 
thrown [s\open\src\hotspot\share\interpreter\linkResolver.cpp, line 759]
Event: 18.467 Thread 0x00000146c018c1b0 Exception <a 'java/lang/NoSuchMethodError'{0x00000000c50a9328}: 'java.lang.Object java.lang.invoke.DirectMethodHandle$Holder.invokeSpecial(java.lang.Object, java.lang.Object, int, java.lang.Object, int, java.lang.Object)'> (0x00000000c50a9328) 
thrown [s\open\src\hotspot\share\interpreter\linkResolver.cpp, line 759]
Event: 18.468 Thread 0x00000146c018c1b0 Exception <a 'java/lang/NoSuchMethodError'{0x00000000c50b1130}: 'java.lang.Object java.lang.invoke.DirectMethodHandle$Holder.newInvokeSpecial(java.lang.Object, java.lang.Object, int, java.lang.Object, int)'> (0x00000000c50b1130) 
thrown [s\open\src\hotspot\share\interpreter\linkResolver.cpp, line 759]
Event: 18.469 Thread 0x00000146c018c1b0 Exception <a 'java/lang/NoSuchMethodError'{0x00000000c50b5230}: 'java.lang.Object java.lang.invoke.DirectMethodHandle$Holder.invokeSpecial(java.lang.Object, java.lang.Object, java.lang.Object, int, java.lang.Object, int)'> (0x00000000c50b5230) 
thrown [s\open\src\hotspot\share\interpreter\linkResolver.cpp, line 759]

VM Operations (20 events):
Event: 17.004 Executing VM operation: G1CollectForAllocation
Event: 17.009 Executing VM operation: G1CollectForAllocation done
Event: 17.106 Executing VM operation: G1Concurrent
Event: 17.110 Executing VM operation: G1Concurrent done
Event: 17.153 Executing VM operation: G1Concurrent
Event: 17.153 Executing VM operation: G1Concurrent done
Event: 17.261 Executing VM operation: G1CollectForAllocation
Event: 17.267 Executing VM operation: G1CollectForAllocation done
Event: 17.620 Executing VM operation: HandshakeAllThreads
Event: 17.620 Executing VM operation: HandshakeAllThreads done
Event: 17.678 Executing VM operation: HandshakeAllThreads
Event: 17.678 Executing VM operation: HandshakeAllThreads done
Event: 18.083 Executing VM operation: G1CollectForAllocation
Event: 18.090 Executing VM operation: G1CollectForAllocation done
Event: 18.189 Executing VM operation: HandshakeAllThreads
Event: 18.189 Executing VM operation: HandshakeAllThreads done
Event: 18.202 Executing VM operation: G1Concurrent
Event: 18.207 Executing VM operation: G1Concurrent done
Event: 18.252 Executing VM operation: G1Concurrent
Event: 18.252 Executing VM operation: G1Concurrent done

Events (20 events):
Event: 18.516 loading class sun/nio/ch/SourceChannelImpl
Event: 18.517 loading class java/nio/channels/Pipe$SourceChannel
Event: 18.517 loading class java/nio/channels/Pipe$SourceChannel done
Event: 18.517 loading class sun/nio/ch/SourceChannelImpl done
Event: 18.517 loading class sun/nio/ch/SinkChannelImpl
Event: 18.518 loading class java/nio/channels/Pipe$SinkChannel
Event: 18.518 loading class java/nio/channels/Pipe$SinkChannel done
Event: 18.518 loading class sun/nio/ch/SinkChannelImpl done
Event: 18.520 Thread 0x00000146dfb18220 Thread added: 0x00000146dfb18220
Event: 18.523 loading class java/nio/channels/spi/AbstractSelector$1
Event: 18.523 loading class java/nio/channels/spi/AbstractSelector$1 done
Event: 18.523 Thread 0x00000146dfb18bc0 Thread added: 0x00000146dfb18bc0
Event: 18.525 loading class java/util/TreeMap$ValueSpliterator
Event: 18.525 loading class java/util/TreeMap$TreeMapSpliterator
Event: 18.526 loading class java/util/TreeMap$TreeMapSpliterator done
Event: 18.526 loading class java/util/TreeMap$ValueSpliterator done
Event: 18.547 loading class jdk/internal/math/FDBigInteger
Event: 18.548 loading class jdk/internal/math/FDBigInteger done
Event: 18.556 Thread 0x00000146c018c1b0 Thread exited: 0x00000146c018c1b0
Event: 18.557 Thread 0x00000146dfb1b710 Thread added: 0x00000146dfb1b710


Dynamic libraries:
0x00007ff7e77e0000 - 0x00007ff7e77f0000 	C:\Program Files\Java\jdk-17\bin\javaw.exe
0x00007ffdd69f0000 - 0x00007ffdd6be8000 	C:\WINDOWS\SYSTEM32\ntdll.dll
0x00007ffdd4e10000 - 0x00007ffdd4ecd000 	C:\WINDOWS\System32\KERNEL32.DLL
0x00007ffdd42f0000 - 0x00007ffdd45e6000 	C:\WINDOWS\System32\KERNELBASE.dll
0x00007ffdd4740000 - 0x00007ffdd4840000 	C:\WINDOWS\System32\ucrtbase.dll
0x00007ffdce8d0000 - 0x00007ffdce8e8000 	C:\Program Files\Java\jdk-17\bin\jli.dll
0x00007ffdd5eb0000 - 0x00007ffdd5f5f000 	C:\WINDOWS\System32\ADVAPI32.dll
0x00007ffdd5b90000 - 0x00007ffdd5c2e000 	C:\WINDOWS\System32\msvcrt.dll
0x00007ffdd5c30000 - 0x00007ffdd5ccc000 	C:\WINDOWS\System32\sechost.dll
0x00007ffdd5cd0000 - 0x00007ffdd5df6000 	C:\WINDOWS\System32\RPCRT4.dll
0x00007ffdd61d0000 - 0x00007ffdd636e000 	C:\WINDOWS\System32\USER32.dll
0x00007ffdd4710000 - 0x00007ffdd4732000 	C:\WINDOWS\System32\win32u.dll
0x00007ffdd6450000 - 0x00007ffdd647c000 	C:\WINDOWS\System32\GDI32.dll
0x00007ffdd45f0000 - 0x00007ffdd470a000 	C:\WINDOWS\System32\gdi32full.dll
0x00007ffdd4840000 - 0x00007ffdd48dd000 	C:\WINDOWS\System32\msvcp_win.dll
0x00007ffdc1aa0000 - 0x00007ffdc1d3a000 	C:\WINDOWS\WinSxS\amd64_microsoft.windows.common-controls_6595b64144ccf1df_6.0.19041.3636_none_60b6a03d71f818d5\COMCTL32.dll
0x00007ffdcb9b0000 - 0x00007ffdcb9ba000 	C:\WINDOWS\SYSTEM32\VERSION.dll
0x00007ffdcfea0000 - 0x00007ffdcfebb000 	C:\Program Files\Java\jdk-17\bin\VCRUNTIME140.dll
0x00007ffdd5f60000 - 0x00007ffdd5f90000 	C:\WINDOWS\System32\IMM32.DLL
0x00007ffdcff30000 - 0x00007ffdcff3c000 	C:\Program Files\Java\jdk-17\bin\vcruntime140_1.dll
0x00007ffdae1b0000 - 0x00007ffdae23e000 	C:\Program Files\Java\jdk-17\bin\msvcp140.dll
0x00007ffd9f450000 - 0x00007ffda0027000 	C:\Program Files\Java\jdk-17\bin\server\jvm.dll
0x00007ffdd4d90000 - 0x00007ffdd4d98000 	C:\WINDOWS\System32\PSAPI.DLL
0x00007ffdbc5d0000 - 0x00007ffdbc5d9000 	C:\WINDOWS\SYSTEM32\WSOCK32.dll
0x00007ffdd4da0000 - 0x00007ffdd4e0b000 	C:\WINDOWS\System32\WS2_32.dll
0x00007ffdbc130000 - 0x00007ffdbc157000 	C:\WINDOWS\SYSTEM32\WINMM.dll
0x00007ffdd1f90000 - 0x00007ffdd1fa2000 	C:\WINDOWS\SYSTEM32\kernel.appcore.dll
0x00007ffdcfe90000 - 0x00007ffdcfe9a000 	C:\Program Files\Java\jdk-17\bin\jimage.dll
0x00007ffdb9960000 - 0x00007ffdb9b44000 	C:\WINDOWS\SYSTEM32\DBGHELP.DLL
0x00007ffdb9920000 - 0x00007ffdb9954000 	C:\WINDOWS\SYSTEM32\dbgcore.DLL
0x00007ffdd4990000 - 0x00007ffdd4a12000 	C:\WINDOWS\System32\bcryptPrimitives.dll
0x00007ffdce3b0000 - 0x00007ffdce3d5000 	C:\Program Files\Java\jdk-17\bin\java.dll
0x00007ffdadc20000 - 0x00007ffdadcf7000 	C:\Program Files\Java\jdk-17\bin\jsvml.dll
0x00007ffdd5000000 - 0x00007ffdd5745000 	C:\WINDOWS\System32\SHELL32.dll
0x00007ffdd2190000 - 0x00007ffdd292b000 	C:\WINDOWS\SYSTEM32\windows.storage.dll
0x00007ffdd5750000 - 0x00007ffdd5aa4000 	C:\WINDOWS\System32\combase.dll
0x00007ffdd3b10000 - 0x00007ffdd3b3d000 	C:\WINDOWS\SYSTEM32\Wldp.dll
0x00007ffdd5fa0000 - 0x00007ffdd604d000 	C:\WINDOWS\System32\SHCORE.dll
0x00007ffdd6950000 - 0x00007ffdd69a5000 	C:\WINDOWS\System32\shlwapi.dll
0x00007ffdd4000000 - 0x00007ffdd4025000 	C:\WINDOWS\SYSTEM32\profapi.dll
0x00007ffdce6f0000 - 0x00007ffdce709000 	C:\Program Files\Java\jdk-17\bin\net.dll
0x00007ffdc9f40000 - 0x00007ffdca04a000 	C:\WINDOWS\SYSTEM32\WINHTTP.dll
0x00007ffdd3870000 - 0x00007ffdd38da000 	C:\WINDOWS\system32\mswsock.dll
0x00007ffdcd660000 - 0x00007ffdcd676000 	C:\Program Files\Java\jdk-17\bin\nio.dll
0x00007ffdcd3a0000 - 0x00007ffdcd3b8000 	C:\Program Files\Java\jdk-17\bin\zip.dll
0x00007ffdd3a60000 - 0x00007ffdd3a78000 	C:\WINDOWS\SYSTEM32\CRYPTSP.dll
0x00007ffdd3130000 - 0x00007ffdd3164000 	C:\WINDOWS\system32\rsaenh.dll
0x00007ffdd4a20000 - 0x00007ffdd4a47000 	C:\WINDOWS\System32\bcrypt.dll
0x00007ffdd3fc0000 - 0x00007ffdd3fee000 	C:\WINDOWS\SYSTEM32\USERENV.dll
0x00007ffdd3a80000 - 0x00007ffdd3a8c000 	C:\WINDOWS\SYSTEM32\CRYPTBASE.dll
0x00007ffdd3510000 - 0x00007ffdd354b000 	C:\WINDOWS\SYSTEM32\IPHLPAPI.DLL
0x00007ffdd6440000 - 0x00007ffdd6448000 	C:\WINDOWS\System32\NSI.dll
0x00007ffdcb2d0000 - 0x00007ffdcb2e7000 	C:\WINDOWS\SYSTEM32\dhcpcsvc6.DLL
0x00007ffdcb310000 - 0x00007ffdcb32d000 	C:\WINDOWS\SYSTEM32\dhcpcsvc.DLL
0x00007ffdd3550000 - 0x00007ffdd361a000 	C:\WINDOWS\SYSTEM32\DNSAPI.dll
0x00007ffdcec30000 - 0x00007ffdcec3d000 	C:\Program Files\Java\jdk-17\bin\sunmscapi.dll
0x00007ffdd4190000 - 0x00007ffdd42ed000 	C:\WINDOWS\System32\CRYPT32.dll
0x00007ffdd3b80000 - 0x00007ffdd3ba7000 	C:\WINDOWS\SYSTEM32\ncrypt.dll
0x00007ffdd3b40000 - 0x00007ffdd3b7b000 	C:\WINDOWS\SYSTEM32\NTASN1.dll
0x00007ffdcead0000 - 0x00007ffdceada000 	C:\Program Files\Java\jdk-17\bin\management.dll
0x00007ffdce9b0000 - 0x00007ffdce9bb000 	C:\Program Files\Java\jdk-17\bin\management_ext.dll
0x00007ffdcfe60000 - 0x00007ffdcfe70000 	C:\Program Files\Java\jdk-17\bin\verify.dll
0x00007ffdcd2e0000 - 0x00007ffdcd2ea000 	C:\Windows\System32\rasadhlp.dll
0x00007ffdc2f10000 - 0x00007ffdc2f90000 	C:\WINDOWS\System32\fwpuclnt.dll
0x00007ffdce620000 - 0x00007ffdce627000 	C:\WINDOWS\system32\wshunix.dll

dbghelp: loaded successfully - version: 4.0.5 - missing functions: none
symbol engine: initialized successfully - sym options: 0x614 - pdb path: .;C:\Program Files\Java\jdk-17\bin;C:\WINDOWS\SYSTEM32;C:\WINDOWS\WinSxS\amd64_microsoft.windows.common-controls_6595b64144ccf1df_6.0.19041.3636_none_60b6a03d71f818d5;C:\Program Files\Java\jdk-17\bin\server

VM Arguments:
jvm_args: -Dfile.encoding=UTF-8 -XX:+ShowCodeDetailsInExceptionMessages 
java_command: com.example.demo.DiplomskiBackendApplication
java_class_path (initial): C:\Users\Jovana\Desktop\Diplomski\diplomski_backend\target\classes;C:\Users\Jovana\.m2\repository\org\springframework\boot\spring-boot-starter-web\3.1.2\spring-boot-starter-web-3.1.2.jar;C:\Users\Jovana\.m2\repository\org\springframework\boot\spring-boot-starter\3.1.2\spring-boot-starter-3.1.2.jar;C:\Users\Jovana\.m2\repository\org\springframework\boot\spring-boot\3.1.2\spring-boot-3.1.2.jar;C:\Users\Jovana\.m2\repository\org\springframework\boot\spring-boot-autoconfigure\3.1.2\spring-boot-autoconfigure-3.1.2.jar;C:\Users\Jovana\.m2\repository\org\springframework\boot\spring-boot-starter-logging\3.1.2\spring-boot-starter-logging-3.1.2.jar;C:\Users\Jovana\.m2\repository\ch\qos\logback\logback-classic\1.4.8\logback-classic-1.4.8.jar;C:\Users\Jovana\.m2\repository\ch\qos\logback\logback-core\1.4.8\logback-core-1.4.8.jar;C:\Users\Jovana\.m2\repository\org\apache\logging\log4j\log4j-to-slf4j\2.20.0\log4j-to-slf4j-2.20.0.jar;C:\Users\Jovana\.m2\repository\org\apache\logging\log4j\log4j-api\2.20.0\log4j-api-2.20.0.jar;C:\Users\Jovana\.m2\repository\org\slf4j\jul-to-slf4j\2.0.7\jul-to-slf4j-2.0.7.jar;C:\Users\Jovana\.m2\repository\org\yaml\snakeyaml\1.33\snakeyaml-1.33.jar;C:\Users\Jovana\.m2\repository\org\springframework\boot\spring-boot-starter-json\3.1.2\spring-boot-starter-json-3.1.2.jar;C:\Users\Jovana\.m2\repository\com\fasterxml\jackson\datatype\jackson-datatype-jdk8\2.15.2\jackson-datatype-jdk8-2.15.2.jar;C:\Users\Jovana\.m2\repository\com\fasterxml\jackson\datatype\jackson-datatype-jsr310\2.15.2\jackson-datatype-jsr310-2.15.2.jar;C:\Users\Jovana\.m2\repository\com\fasterxml\jackson\module\jackson-module-parameter-names\2.15.2\jackson-module-parameter-names-2.15.2.jar;C:\Users\Jovana\.m2\repository\org\springframework\spring-web\6.0.11\spring-web-6.0.11.jar;C:\Users\Jovana\.m2\repository\org\springframework\spring-beans\6.0.11\spring-beans-6.0.11.jar;C:\Users\Jovana\.m2\repository\io\micrometer\micrometer-observation\1.11.2\micrometer-o
Launcher Type: SUN_STANDARD

[Global flags]
     intx CICompilerCount                          = 3                                         {product} {ergonomic}
     uint ConcGCThreads                            = 1                                         {product} {ergonomic}
     uint G1ConcRefinementThreads                  = 4                                         {product} {ergonomic}
   size_t G1HeapRegionSize                         = 1048576                                   {product} {ergonomic}
    uintx GCDrainStackTargetSize                   = 64                                        {product} {ergonomic}
   size_t InitialHeapSize                          = 67108864                                  {product} {ergonomic}
   size_t MarkStackSize                            = 4194304                                   {product} {ergonomic}
   size_t MaxHeapSize                              = 1042284544                                {product} {ergonomic}
   size_t MaxNewSize                               = 624951296                                 {product} {ergonomic}
   size_t MinHeapDeltaBytes                        = 1048576                                   {product} {ergonomic}
   size_t MinHeapSize                              = 8388608                                   {product} {ergonomic}
    uintx NonNMethodCodeHeapSize                   = 5832780                                {pd product} {ergonomic}
    uintx NonProfiledCodeHeapSize                  = 122912730                              {pd product} {ergonomic}
    uintx ProfiledCodeHeapSize                     = 122912730                              {pd product} {ergonomic}
    uintx ReservedCodeCacheSize                    = 251658240                              {pd product} {ergonomic}
     bool SegmentedCodeCache                       = true                                      {product} {ergonomic}
     bool ShowCodeDetailsInExceptionMessages       = true                                   {manageable} {command line}
   size_t SoftMaxHeapSize                          = 1042284544                             {manageable} {ergonomic}
     bool UseCompressedClassPointers               = true                           {product lp64_product} {ergonomic}
     bool UseCompressedOops                        = true                           {product lp64_product} {ergonomic}
     bool UseG1GC                                  = true                                      {product} {ergonomic}
     bool UseLargePagesIndividualAllocation        = false                                  {pd product} {ergonomic}

Logging:
Log output configuration:
 #0: stdout all=warning uptime,level,tags
 #1: stderr all=off uptime,level,tags

Environment Variables:
PATH=C:\Program Files\Common Files\Oracle\Java\javapath;C:\WINDOWS\system32;C:\WINDOWS;C:\WINDOWS\System32\Wbem;C:\WINDOWS\System32\WindowsPowerShell\v1.0\;C:\WINDOWS\System32\OpenSSH\;C:\Program Files\Java\jdk-13\bin;C:\Program Files\Java\jdk-14\bin;C:\ProgramData\chocolatey\bin;C:\Users\Jovana\AppData\Roaming\nvm;C:\Program Files\nodejs;C:\Program Files\nodejs\;C:\Program Files\Java\jdk-11\bin;C:\Program Files\Java\jdk-17\bin;C:\Program Files\Git\cmd;C:\Program Files\Git\bin;C:\Users\Jovana\AppData\Roaming\npm\yarn;C:\Users\Jovana\AppData\Local\Programs\Python\Python311\Scripts\;C:\Users\Jovana\AppData\Local\Programs\Python\Python311\;C:\python\Scripts\;C:\python\;C:\Users\Jovana\AppData\Local\Microsoft\WindowsApps;C:\Users\Jovana\AppData\Roaming\cabal\bin;C:\tools\ghc-9.2.1\bin;C:\Program Files\MongoDB\Server\5.0\bin;C:\Program Files\JetBrains\PyCharm Community Edition 2023.1.3\bin;;C:\Program Files\Python310;C:\Program Files\Python310\Scripts;C:\Program Files\PostgreSQL\14\bin;C:\Users\Jovana\AppData\Roaming\nvm;C:\Program Files\nodejs;C:\Users\Jovana\AppData\Roaming\npm;C:\Program Files\JetBrains\GoLand 2022.2.4\bin;;C:\Program Files\JetBrains\IntelliJ IDEA Community Edition 2022.3.3\bin;;C:\Users\Jovana\AppData\Local\Programs\Microsoft VS Code\bin;C:\Users\Jovana\AppData\Local\GitHubDesktop\bin;C:\Users\Jovana\AppData\Roaming\npm\yarn;
USERNAME=Jovana
OS=Windows_NT
PROCESSOR_IDENTIFIER=Intel64 Family 6 Model 78 Stepping 3, GenuineIntel



---------------  S Y S T E M  ---------------

OS:
 Windows 10 , 64 bit Build 19041 (10.0.19041.3636)
OS uptime: 0 days 4:22 hours

CPU: total 4 (initial active 4) (2 cores per cpu, 2 threads per core) family 6 model 78 stepping 3 microcode 0xcc, cx8, cmov, fxsr, ht, mmx, 3dnowpref, sse, sse2, sse3, ssse3, sse4.1, sse4.2, popcnt, lzcnt, tsc, tscinvbit, avx, avx2, aes, erms, clmul, bmi1, bmi2, adx, fma, vzeroupper, clflush, clflushopt

Memory: 4k page, system-wide physical 3970M (436M free)
TotalPageFile size 7801M (AvailPageFile size 6M)
current process WorkingSet (physical memory assigned to process): 254M, peak: 256M
current process commit charge ("private bytes"): 288M, peak: 289M

vm_info: Java HotSpot(TM) 64-Bit Server VM (17.0.6+9-LTS-190) for windows-amd64 JRE (17.0.6+9-LTS-190), built on Dec  6 2022 15:53:54 by "mach5one" with MS VC++ 17.1 (VS2022)

END.
